Tue Sep 17 03:12:47 EEST 2013 : Miner started
Wed Sep 18 19:33:32 EEST 2013 : Miner started
Wed Sep 18 19:41:06 EEST 2013 Miner execution interrupted
Wed Sep 18 19:41:06 EEST 2013 : Miner started
Wed Sep 18 19:41:09 EEST 2013 Miner execution interrupted
Wed Sep 18 19:41:09 EEST 2013 : Miner started
Wed Sep 18 19:41:09 EEST 2013 Miner execution interrupted
Wed Sep 18 19:41:09 EEST 2013 : Miner started
Wed Sep 18 19:41:10 EEST 2013 Miner execution interrupted
Wed Sep 18 19:41:10 EEST 2013 : Miner started
Wed Sep 18 19:41:10 EEST 2013 Miner execution interrupted
Wed Sep 18 19:41:10 EEST 2013 : Miner started
Wed Sep 18 19:44:09 EEST 2013 : Miner started
Wed Sep 18 19:44:16 EEST 2013 : Miner started
Fri Sep 20 16:14:02 EEST 2013 : Miner started
Fri Sep 20 16:16:56 EEST 2013 : Miner started
Fri Sep 20 16:24:45 EEST 2013 : Miner started
Fri Sep 20 16:25:51 EEST 2013 : Miner started
Fri Sep 20 16:28:03 EEST 2013 : Miner started
Fri Sep 20 16:33:15 EEST 2013 : Miner started
Fri Sep 20 16:37:05 EEST 2013 : Miner started
Fri Sep 20 16:51:41 EEST 2013 : Miner started
Fri Sep 20 16:51:58 EEST 2013 : Miner started
Fri Sep 20 16:52:36 EEST 2013 : Miner started
Fri Sep 20 16:57:27 EEST 2013 : Miner started
Fri Sep 20 16:58:38 EEST 2013 : Miner started
Fri Sep 20 17:03:19 EEST 2013 : Miner started
Fri Sep 20 17:09:49 EEST 2013 : Miner started
Fri Sep 20 17:10:11 EEST 2013 : Miner started
Fri Sep 20 17:12:10 EEST 2013 : Miner started
Fri Sep 20 17:14:25 EEST 2013 : Miner started
Fri Sep 20 17:15:12 EEST 2013 : Miner started
Fri Sep 20 17:29:48 EEST 2013 : Miner started
Fri Sep 20 17:31:52 EEST 2013 : Miner started
Fri Sep 20 18:03:18 EEST 2013 : Miner started
Fri Sep 20 18:04:10 EEST 2013 : Miner started
Fri Sep 20 18:04:32 EEST 2013 : Miner started
Fri Sep 20 18:05:18 EEST 2013 : Miner started
Fri Sep 20 18:09:02 EEST 2013 : Miner started
Fri Sep 20 18:09:31 EEST 2013 : Miner started
Fri Sep 20 18:12:37 EEST 2013 : Miner started
Fri Sep 20 18:12:51 EEST 2013 : Miner started
Fri Sep 20 18:13:09 EEST 2013 : Miner started
Fri Sep 20 18:13:34 EEST 2013 : Miner started
Fri Sep 20 18:56:42 EEST 2013 : Miner started
Fri Sep 20 18:56:54 EEST 2013 : Miner started
Fri Sep 20 18:57:15 EEST 2013 : Miner started
Fri Sep 20 19:35:34 EEST 2013 : Miner started
Fri Sep 20 19:39:14 EEST 2013 : Miner started
Fri Sep 20 19:40:09 EEST 2013 : Miner started
Fri Sep 20 19:40:26 EEST 2013 : Miner started
Fri Sep 20 19:42:48 EEST 2013 : Miner started
Fri Sep 20 19:45:38 EEST 2013 : Miner started
Fri Sep 20 19:47:12 EEST 2013 : Miner started
Fri Sep 20 19:47:48 EEST 2013 : Miner started
Sat Sep 21 12:44:54 EEST 2013 : Miner started
Sat Sep 21 12:46:56 EEST 2013 : Miner started
Sat Sep 21 12:47:41 EEST 2013 : Miner started
Sat Sep 21 12:48:44 EEST 2013 : Miner started
Sat Sep 21 12:51:02 EEST 2013 : Miner started
Sat Sep 21 12:51:30 EEST 2013 : Miner started
Sat Sep 21 12:52:44 EEST 2013 : Miner started
Sat Sep 21 13:38:41 EEST 2013 : Miner started
Sat Sep 21 13:39:12 EEST 2013 : Miner started
Sat Sep 21 13:39:54 EEST 2013 : Miner started
Sat Sep 21 14:03:49 EEST 2013 : Miner started
Sat Sep 21 14:04:02 EEST 2013 : Miner started
Sat Sep 21 14:04:21 EEST 2013 : Miner started
Sat Sep 21 14:05:26 EEST 2013 : Miner started
Sat Sep 21 14:13:07 EEST 2013 : Miner started
Sat Sep 21 14:13:21 EEST 2013 : Miner started
Sat Sep 21 14:29:31 EEST 2013 : Miner started
Sat Sep 21 14:42:20 EEST 2013 : Miner started
Sat Sep 21 14:42:43 EEST 2013 : Miner started
Sat Sep 21 14:44:22 EEST 2013 : Miner started
Sat Sep 21 14:45:56 EEST 2013 : Miner started
Sat Sep 21 14:47:27 EEST 2013 : Miner started
Sat Sep 21 14:48:55 EEST 2013 : Miner started
Sat Sep 21 14:55:19 EEST 2013 : Miner started
Sat Sep 21 15:03:04 EEST 2013 : Miner started
Sat Sep 21 15:05:46 EEST 2013 : Miner started
Sat Sep 21 15:06:03 EEST 2013 : Miner started
Sat Sep 21 15:08:11 EEST 2013 : Miner started
Sat Sep 21 15:08:24 EEST 2013 : Miner started
Sat Sep 21 17:11:15 EEST 2013 : Miner started
Sat Sep 21 17:11:40 EEST 2013 : Miner started
Sat Sep 21 17:12:08 EEST 2013 : Miner started
Sat Sep 21 17:12:54 EEST 2013 : Miner started
Sat Sep 21 17:13:08 EEST 2013 : Miner started
Sat Sep 21 17:14:13 EEST 2013 : Miner started
Sat Sep 21 17:14:51 EEST 2013 : Miner started
Sat Sep 21 17:15:34 EEST 2013 : Miner started
Sat Sep 21 17:18:44 EEST 2013 : Miner started
Sat Sep 21 17:21:09 EEST 2013 : Miner started
Sat Sep 21 17:21:20 EEST 2013 : Miner started
Sat Sep 21 17:21:37 EEST 2013 : Miner started
Sat Sep 21 17:22:04 EEST 2013 : Miner started
Sat Sep 21 17:26:32 EEST 2013 : Miner started
Sat Sep 21 17:26:47 EEST 2013 : Miner started
Sat Sep 21 17:27:06 EEST 2013 : Miner started
Sat Sep 21 17:27:19 EEST 2013 : Miner started
Sat Sep 21 17:27:39 EEST 2013 : Miner started
Sat Sep 21 17:33:16 EEST 2013 : Miner started
Sat Sep 21 17:36:21 EEST 2013 : Miner started
Sat Sep 21 17:36:37 EEST 2013 : Miner started
Sat Sep 21 17:37:08 EEST 2013 : Miner started
Sat Sep 21 17:41:26 EEST 2013 : Miner started
Sat Sep 21 17:41:37 EEST 2013 : Miner started
Sat Sep 21 17:41:57 EEST 2013 : Miner started
Sat Sep 21 17:43:12 EEST 2013 : Miner started
Sat Sep 21 17:43:24 EEST 2013 : Miner started
Sat Sep 21 17:58:16 EEST 2013 : Miner started
Sat Sep 21 17:58:50 EEST 2013 : Miner started
Sat Sep 21 17:59:32 EEST 2013 : Miner started
Sat Sep 21 18:02:09 EEST 2013 : Miner started
Sat Sep 21 18:02:51 EEST 2013 : Miner started
Sat Sep 21 18:03:08 EEST 2013 : Miner started
Sat Sep 21 18:06:16 EEST 2013 : Miner started
Sat Sep 21 18:35:17 EEST 2013 : Miner started
Sat Sep 21 18:36:13 EEST 2013 : Miner started
Sat Sep 21 18:36:47 EEST 2013 : Miner started
Sat Sep 21 18:41:39 EEST 2013 : Miner started
Sat Sep 21 18:41:53 EEST 2013 : Miner started
Sat Sep 21 18:42:46 EEST 2013 : Miner started
Sat Sep 21 19:03:49 EEST 2013 : Miner started
Sat Sep 21 19:04:26 EEST 2013 : Miner started
Sat Sep 21 19:04:53 EEST 2013 : Miner started
Sat Sep 21 19:05:19 EEST 2013 : Miner started
Sat Sep 21 19:12:45 EEST 2013 : Miner started
Sat Sep 21 19:14:19 EEST 2013 : Miner started
Sat Sep 21 19:14:44 EEST 2013 : Miner started
Sat Sep 21 19:18:13 EEST 2013 : Miner started
Sat Sep 21 19:19:30 EEST 2013 : Miner started
Sat Sep 21 19:19:54 EEST 2013 : Miner started
Sun Sep 22 07:27:54 EEST 2013 : Miner started
Sun Sep 22 15:07:02 EEST 2013 : Miner started
Sun Sep 22 15:07:19 EEST 2013 : Miner started
Sun Sep 22 15:08:18 EEST 2013 : Miner started
Sun Sep 22 15:17:20 EEST 2013 : Miner started
Sun Sep 22 16:03:32 EEST 2013 : Miner started
Sun Sep 22 16:22:30 EEST 2013 : Miner started
Sun Sep 22 17:05:49 EEST 2013 : Miner started
Sun Sep 22 17:15:27 EEST 2013 : Miner started
Sun Sep 22 17:15:46 EEST 2013 : Miner started
Sun Sep 22 17:29:20 EEST 2013 : Miner started
Sun Sep 22 17:31:43 EEST 2013 : Miner started
Sun Sep 22 17:32:57 EEST 2013 : Miner started
Sun Sep 22 17:33:19 EEST 2013 : Miner started
Sun Sep 22 17:34:37 EEST 2013 : Miner started
Sun Sep 22 17:38:52 EEST 2013 : Miner started
Sun Sep 22 17:39:55 EEST 2013 : Miner started
Sun Sep 22 17:41:17 EEST 2013 : Miner started
Sun Sep 22 17:44:11 EEST 2013 : Miner started
Sun Sep 22 17:44:50 EEST 2013 : Miner started
Sun Sep 22 17:46:32 EEST 2013 : Miner started
Sun Sep 22 17:49:40 EEST 2013 : Miner started
Sun Sep 22 17:54:49 EEST 2013 : Miner started
Sun Sep 22 18:15:42 EEST 2013 : Miner started
Sun Sep 22 18:16:18 EEST 2013 : Miner started
Sun Sep 22 18:19:37 EEST 2013 : Miner started
Sun Sep 22 18:20:17 EEST 2013 : Miner started
Sun Sep 22 18:21:07 EEST 2013 : Miner started
Mon Sep 23 07:58:09 EEST 2013 : Miner started
Mon Sep 23 10:33:58 EEST 2013 : Miner started
Mon Sep 23 10:44:34 EEST 2013 : Miner started
Mon Sep 23 14:51:34 EEST 2013 : Miner started
Mon Sep 23 17:05:40 EEST 2013 : Miner started
Mon Sep 23 17:09:54 EEST 2013 : Miner started
Mon Sep 23 17:37:58 EEST 2013 : Miner started
Tue Sep 24 12:44:35 EEST 2013 : Miner started
Tue Sep 24 19:49:39 EEST 2013 : Miner started
Tue Sep 24 19:50:48 EEST 2013 : Miner started
Wed Sep 25 09:09:45 EEST 2013 : Miner started
Wed Sep 25 14:36:26 EEST 2013 : Miner started
Wed Sep 25 14:37:32 EEST 2013 : Miner started
Wed Sep 25 14:38:00 EEST 2013 : Miner started
Wed Sep 25 14:39:29 EEST 2013 : Miner started
Wed Sep 25 14:39:53 EEST 2013 : Miner started
Wed Sep 25 14:43:33 EEST 2013 : Miner started
Wed Sep 25 14:58:55 EEST 2013 : Miner started
Wed Sep 25 15:41:24 EEST 2013 : Miner started
Wed Sep 25 15:59:58 EEST 2013 : Miner started
Wed Sep 25 16:47:01 EEST 2013 : Miner started
Wed Sep 25 16:49:42 EEST 2013 : Miner started
Wed Sep 25 19:58:02 EEST 2013 : Miner started
Wed Sep 25 19:59:19 EEST 2013 : Miner started
Thu Sep 26 00:44:10 EEST 2013 : Miner started
Thu Sep 26 02:34:04 EEST 2013 : Miner started
Thu Sep 26 02:34:19 EEST 2013 : Miner started
Thu Sep 26 13:30:40 EEST 2013 : Miner started
Thu Sep 26 13:32:23 EEST 2013 : Miner started
Thu Sep 26 13:38:15 EEST 2013 : Miner started
Thu Sep 26 13:39:35 EEST 2013 : Miner started
Thu Sep 26 13:51:22 EEST 2013 : Miner started
Thu Sep 26 13:54:29 EEST 2013 : Miner started
Thu Sep 26 14:01:46 EEST 2013 : Miner started
Thu Sep 26 14:04:13 EEST 2013 : Miner started
Thu Sep 26 14:15:08 EEST 2013 : Miner started
Thu Sep 26 15:05:33 EEST 2013 : Miner started
Thu Sep 26 15:05:52 EEST 2013 : Miner started
Thu Sep 26 15:07:07 EEST 2013 : Miner started
Thu Sep 26 15:08:36 EEST 2013 : Miner started
Thu Sep 26 15:09:49 EEST 2013 : Miner started
Thu Sep 26 15:11:51 EEST 2013 : Miner started
Thu Sep 26 15:12:50 EEST 2013 : Miner started
Thu Sep 26 15:13:44 EEST 2013 : Miner started
Thu Sep 26 15:14:28 EEST 2013 : Miner started
Thu Sep 26 15:15:20 EEST 2013 : Miner started
Thu Sep 26 15:17:24 EEST 2013 : Miner started
Thu Sep 26 15:30:33 EEST 2013 : Miner started
Thu Sep 26 15:39:09 EEST 2013 : Miner started
Thu Sep 26 15:42:02 EEST 2013 : Miner started
Thu Sep 26 15:49:26 EEST 2013 : Miner started
Thu Sep 26 15:51:33 EEST 2013 : Miner started
Fri Sep 27 22:14:03 EEST 2013 : Miner started
Sat Sep 28 00:15:00 EEST 2013 : Miner started
Sat Sep 28 02:09:48 EEST 2013 : Miner started
Sat Sep 28 13:37:11 EEST 2013 : Miner started
Sat Sep 28 13:37:24 EEST 2013 : Miner started
Sat Sep 28 13:37:24 EEST 2013 : Miner started
Tue Oct 8 01:30:00 EEST 2013 : Miner started
Tue Oct 8 15:35:48 EEST 2013 : Miner started
Tue Oct 8 15:36:01 EEST 2013 : Miner started
Wed Oct 9 01:34:28 EEST 2013 : Miner started
Wed Oct 9 01:34:40 EEST 2013 : Miner started
Wed Oct 9 01:35:58 EEST 2013 : Miner started
Wed Oct 9 01:36:11 EEST 2013 : Miner started
Wed Oct 9 02:01:39 EEST 2013 : Miner started
Wed Oct 9 02:01:51 EEST 2013 : Miner started
Wed Oct 9 02:25:35 EEST 2013 : Miner started
Wed Oct 9 02:27:26 EEST 2013 : Miner started
Wed Oct 9 02:27:38 EEST 2013 : Miner started
Wed Oct 9 02:32:11 EEST 2013 : Miner started
Wed Oct 9 02:32:24 EEST 2013 : Miner started
Wed Oct 9 02:37:55 EEST 2013 : Miner started
Wed Oct 9 02:50:16 EEST 2013 : Miner started
Thu Oct 10 12:17:15 EEST 2013 : Miner started
Thu Oct 10 17:17:15 EEST 2013 : Miner started
Sun Oct 13 19:17:14 EEST 2013 : Miner started
Sun Oct 13 19:17:15 EEST 2013 : Miner started
Mon Oct 14 17:59:09 EEST 2013 : Miner started
Mon Oct 14 18:35:58 EEST 2013 : Miner started
Mon Oct 14 18:38:54 EEST 2013 : Miner started
Mon Oct 14 18:45:08 EEST 2013 : Miner started
Mon Oct 14 18:47:03 EEST 2013 : Miner started
Mon Oct 14 18:47:42 EEST 2013 : Miner started
Mon Oct 14 19:01:33 EEST 2013 : Miner started
Mon Oct 14 19:02:02 EEST 2013 Miner execution interrupted
Mon Oct 14 19:02:02 EEST 2013 : Miner started
Mon Oct 14 19:02:02 EEST 2013 Miner execution interrupted
Mon Oct 14 19:02:02 EEST 2013 : Miner started
Mon Oct 14 19:02:03 EEST 2013 Miner execution interrupted
Mon Oct 14 19:02:03 EEST 2013 : Miner started
Mon Oct 14 19:02:04 EEST 2013 Miner execution interrupted
Mon Oct 14 19:02:04 EEST 2013 : Miner started
Mon Oct 14 19:02:05 EEST 2013 Miner execution interrupted
Mon Oct 14 19:02:05 EEST 2013 : Miner started
Mon Oct 14 19:02:06 EEST 2013 Miner execution interrupted
Mon Oct 14 19:02:06 EEST 2013 : Miner started
Mon Oct 14 19:02:22 EEST 2013 Miner execution interrupted
Mon Oct 14 19:02:22 EEST 2013 : Miner started
Mon Oct 14 19:02:24 EEST 2013 Miner execution interrupted
Mon Oct 14 19:02:24 EEST 2013 : Miner started
Mon Oct 14 19:02:25 EEST 2013 Miner execution interrupted
Mon Oct 14 19:02:25 EEST 2013 : Miner started
Mon Oct 14 19:02:26 EEST 2013 Miner execution interrupted
Mon Oct 14 19:02:26 EEST 2013 : Miner started
Mon Oct 14 19:02:27 EEST 2013 Miner execution interrupted
Mon Oct 14 19:02:27 EEST 2013 : Miner started
Mon Oct 14 19:02:27 EEST 2013 Miner execution interrupted
Mon Oct 14 19:02:27 EEST 2013 : Miner started
Mon Oct 14 19:02:28 EEST 2013 Miner execution interrupted
Mon Oct 14 19:02:28 EEST 2013 : Miner started
Mon Oct 14 19:02:28 EEST 2013 Miner execution interrupted
Mon Oct 14 19:02:28 EEST 2013 : Miner started
Mon Oct 14 19:02:29 EEST 2013 Miner execution interrupted
Mon Oct 14 19:02:29 EEST 2013 : Miner started
Mon Oct 14 19:02:30 EEST 2013 Miner execution interrupted
Mon Oct 14 19:02:30 EEST 2013 : Miner started
Mon Oct 14 19:02:31 EEST 2013 Miner execution interrupted
Mon Oct 14 19:02:31 EEST 2013 : Miner started
Mon Oct 14 19:02:32 EEST 2013 Miner execution interrupted
Mon Oct 14 19:02:32 EEST 2013 : Miner started
Mon Oct 14 19:02:33 EEST 2013 Miner execution interrupted
Mon Oct 14 19:02:33 EEST 2013 : Miner started
Mon Oct 14 19:02:33 EEST 2013 Miner execution interrupted
Mon Oct 14 19:02:33 EEST 2013 : Miner started
Mon Oct 14 19:02:39 EEST 2013 Miner execution interrupted
Mon Oct 14 19:02:39 EEST 2013 : Miner started
Mon Oct 14 19:02:40 EEST 2013 Miner execution interrupted
Mon Oct 14 19:02:40 EEST 2013 : Miner started
Mon Oct 14 19:02:41 EEST 2013 Miner execution interrupted
Mon Oct 14 19:02:41 EEST 2013 : Miner started
Mon Oct 14 19:02:42 EEST 2013 Miner execution interrupted
Mon Oct 14 19:02:42 EEST 2013 : Miner started
Mon Oct 14 19:02:43 EEST 2013 Miner execution interrupted
Mon Oct 14 19:02:43 EEST 2013 : Miner started
Mon Oct 14 19:02:44 EEST 2013 Miner execution interrupted
Mon Oct 14 19:02:44 EEST 2013 : Miner started
Mon Oct 14 19:02:44 EEST 2013 Miner execution interrupted
Mon Oct 14 19:02:45 EEST 2013 : Miner started
Mon Oct 14 19:02:45 EEST 2013 Miner execution interrupted
Mon Oct 14 19:02:45 EEST 2013 : Miner started
Mon Oct 14 19:02:46 EEST 2013 Miner execution interrupted
Mon Oct 14 19:02:46 EEST 2013 : Miner started
Mon Oct 14 19:02:47 EEST 2013 Miner execution interrupted
Mon Oct 14 19:02:47 EEST 2013 : Miner started
Mon Oct 14 19:02:48 EEST 2013 Miner execution interrupted
Mon Oct 14 19:02:48 EEST 2013 : Miner started
Mon Oct 14 19:02:49 EEST 2013 Miner execution interrupted
Mon Oct 14 19:02:49 EEST 2013 : Miner started
Mon Oct 14 19:02:50 EEST 2013 Miner execution interrupted
Mon Oct 14 19:02:50 EEST 2013 : Miner started
Mon Oct 14 19:02:51 EEST 2013 Miner execution interrupted
Mon Oct 14 19:02:51 EEST 2013 : Miner started
Mon Oct 14 19:02:52 EEST 2013 Miner execution interrupted
Mon Oct 14 19:02:52 EEST 2013 : Miner started
Mon Oct 14 19:02:54 EEST 2013 Miner execution interrupted
Mon Oct 14 19:02:54 EEST 2013 : Miner started
Mon Oct 14 19:02:55 EEST 2013 Miner execution interrupted
Mon Oct 14 19:02:55 EEST 2013 : Miner started
Mon Oct 14 19:02:55 EEST 2013 Miner execution interrupted
Mon Oct 14 19:02:55 EEST 2013 : Miner started
Mon Oct 14 19:02:55 EEST 2013 Miner execution interrupted
Mon Oct 14 19:02:55 EEST 2013 : Miner started
Mon Oct 14 19:02:56 EEST 2013 Miner execution interrupted
Mon Oct 14 19:02:56 EEST 2013 : Miner started
Mon Oct 14 19:02:57 EEST 2013 Miner execution interrupted
Mon Oct 14 19:02:57 EEST 2013 : Miner started
Mon Oct 14 19:02:58 EEST 2013 Miner execution interrupted
Mon Oct 14 19:02:58 EEST 2013 : Miner started
Mon Oct 14 19:02:59 EEST 2013 Miner execution interrupted
Mon Oct 14 19:02:59 EEST 2013 : Miner started
Mon Oct 14 19:02:59 EEST 2013 Miner execution interrupted
Mon Oct 14 19:02:59 EEST 2013 : Miner started
Mon Oct 14 19:03:00 EEST 2013 Miner execution interrupted
Mon Oct 14 19:03:00 EEST 2013 : Miner started
Mon Oct 14 19:03:01 EEST 2013 Miner execution interrupted
Mon Oct 14 19:03:01 EEST 2013 : Miner started
Mon Oct 14 19:03:01 EEST 2013 Miner execution interrupted
Mon Oct 14 19:03:01 EEST 2013 : Miner started
Mon Oct 14 19:03:03 EEST 2013 Miner execution interrupted
Mon Oct 14 19:03:03 EEST 2013 : Miner started
Mon Oct 14 19:03:03 EEST 2013 Miner execution interrupted
Mon Oct 14 19:03:03 EEST 2013 : Miner started
Mon Oct 14 19:03:04 EEST 2013 Miner execution interrupted
Mon Oct 14 19:03:04 EEST 2013 : Miner started
Mon Oct 14 19:03:05 EEST 2013 Miner execution interrupted
Mon Oct 14 19:03:05 EEST 2013 : Miner started
Mon Oct 14 19:03:06 EEST 2013 Miner execution interrupted
Mon Oct 14 19:03:06 EEST 2013 : Miner started
Mon Oct 14 19:03:07 EEST 2013 Miner execution interrupted
Mon Oct 14 19:03:07 EEST 2013 : Miner started
Mon Oct 14 19:03:08 EEST 2013 Miner execution interrupted
Mon Oct 14 19:03:08 EEST 2013 : Miner started
Mon Oct 14 19:03:09 EEST 2013 Miner execution interrupted
Mon Oct 14 19:03:09 EEST 2013 : Miner started
Mon Oct 14 19:03:10 EEST 2013 Miner execution interrupted
Mon Oct 14 19:03:10 EEST 2013 : Miner started
Mon Oct 14 19:03:10 EEST 2013 Miner execution interrupted
Mon Oct 14 19:03:10 EEST 2013 : Miner started
Mon Oct 14 19:03:11 EEST 2013 Miner execution interrupted
Mon Oct 14 19:03:11 EEST 2013 : Miner started
Mon Oct 14 19:03:12 EEST 2013 Miner execution interrupted
Mon Oct 14 19:03:12 EEST 2013 : Miner started
Mon Oct 14 19:03:23 EEST 2013 Miner execution interrupted
Mon Oct 14 19:03:23 EEST 2013 : Miner started
Mon Oct 14 19:03:24 EEST 2013 Miner execution interrupted
Mon Oct 14 19:03:24 EEST 2013 : Miner started
Mon Oct 14 19:03:30 EEST 2013 Miner execution interrupted
Mon Oct 14 19:03:30 EEST 2013 : Miner started
Mon Oct 14 19:03:31 EEST 2013 Miner execution interrupted
Mon Oct 14 19:03:31 EEST 2013 : Miner started
Mon Oct 14 19:03:32 EEST 2013 Miner execution interrupted
Mon Oct 14 19:03:32 EEST 2013 : Miner started
Mon Oct 14 19:03:33 EEST 2013 Miner execution interrupted
Mon Oct 14 19:03:33 EEST 2013 : Miner started
Mon Oct 14 19:03:34 EEST 2013 Miner execution interrupted
Mon Oct 14 19:03:34 EEST 2013 : Miner started
Mon Oct 14 19:03:35 EEST 2013 Miner execution interrupted
Mon Oct 14 19:03:35 EEST 2013 : Miner started
Mon Oct 14 19:03:36 EEST 2013 Miner execution interrupted
Mon Oct 14 19:03:36 EEST 2013 : Miner started
Mon Oct 14 19:03:42 EEST 2013 Miner execution interrupted
Mon Oct 14 19:03:42 EEST 2013 : Miner started
Mon Oct 14 19:03:48 EEST 2013 Miner execution interrupted
Mon Oct 14 19:03:48 EEST 2013 : Miner started
Mon Oct 14 19:03:48 EEST 2013 Miner execution interrupted
Mon Oct 14 19:03:48 EEST 2013 : Miner started
Mon Oct 14 19:03:49 EEST 2013 Miner execution interrupted
Mon Oct 14 19:03:49 EEST 2013 : Miner started
Mon Oct 14 19:03:52 EEST 2013 : Miner started
Mon Oct 14 19:03:55 EEST 2013 Miner execution interrupted
Mon Oct 14 19:03:55 EEST 2013 : Miner started
Mon Oct 14 19:03:56 EEST 2013 Miner execution interrupted
Mon Oct 14 19:03:56 EEST 2013 : Miner started
Mon Oct 14 19:03:57 EEST 2013 Miner execution interrupted
Mon Oct 14 19:03:57 EEST 2013 : Miner started
Mon Oct 14 19:03:58 EEST 2013 Miner execution interrupted
Mon Oct 14 19:03:58 EEST 2013 : Miner started
Mon Oct 14 19:03:59 EEST 2013 Miner execution interrupted
Mon Oct 14 19:03:59 EEST 2013 : Miner started
Mon Oct 14 19:04:00 EEST 2013 Miner execution interrupted
Mon Oct 14 19:04:00 EEST 2013 : Miner started
Mon Oct 14 19:04:06 EEST 2013 Miner execution interrupted
Mon Oct 14 19:04:06 EEST 2013 : Miner started
Mon Oct 14 19:04:12 EEST 2013 Miner execution interrupted
Mon Oct 14 19:04:12 EEST 2013 : Miner started
Mon Oct 14 19:04:18 EEST 2013 Miner execution interrupted
Mon Oct 14 19:04:18 EEST 2013 : Miner started
Mon Oct 14 19:04:19 EEST 2013 Miner execution interrupted
Mon Oct 14 19:04:19 EEST 2013 : Miner started
Mon Oct 14 19:04:20 EEST 2013 Miner execution interrupted
Mon Oct 14 19:04:20 EEST 2013 : Miner started
Mon Oct 14 19:04:26 EEST 2013 Miner execution interrupted
Mon Oct 14 19:04:26 EEST 2013 : Miner started
Mon Oct 14 19:04:27 EEST 2013 Miner execution interrupted
Mon Oct 14 19:04:27 EEST 2013 : Miner started
Mon Oct 14 19:04:28 EEST 2013 Miner execution interrupted
Mon Oct 14 19:04:28 EEST 2013 : Miner started
Mon Oct 14 19:04:29 EEST 2013 Miner execution interrupted
Mon Oct 14 19:04:29 EEST 2013 : Miner started
Mon Oct 14 19:04:40 EEST 2013 Miner execution interrupted
Mon Oct 14 19:04:40 EEST 2013 : Miner started
Mon Oct 14 19:04:41 EEST 2013 Miner execution interrupted
Mon Oct 14 19:04:41 EEST 2013 : Miner started
Mon Oct 14 19:04:41 EEST 2013 Miner execution interrupted
Mon Oct 14 19:04:41 EEST 2013 : Miner started
Mon Oct 14 19:04:41 EEST 2013 Miner execution interrupted
Mon Oct 14 19:04:41 EEST 2013 : Miner started
Mon Oct 14 19:04:42 EEST 2013 Miner execution interrupted
Mon Oct 14 19:04:42 EEST 2013 : Miner started
Mon Oct 14 19:04:42 EEST 2013 Miner execution interrupted
Mon Oct 14 19:04:42 EEST 2013 : Miner started
Mon Oct 14 19:04:43 EEST 2013 Miner execution interrupted
Mon Oct 14 19:04:43 EEST 2013 : Miner started
Mon Oct 14 19:04:49 EEST 2013 Miner execution interrupted
Mon Oct 14 19:04:49 EEST 2013 : Miner started
Mon Oct 14 19:04:50 EEST 2013 Miner execution interrupted
Mon Oct 14 19:04:50 EEST 2013 : Miner started
Mon Oct 14 19:04:52 EEST 2013 : Miner started
Mon Oct 14 19:05:00 EEST 2013 Miner execution interrupted
Mon Oct 14 19:05:00 EEST 2013 : Miner started
Mon Oct 14 19:05:00 EEST 2013 Miner execution interrupted
Mon Oct 14 19:05:00 EEST 2013 : Miner started
Mon Oct 14 19:05:02 EEST 2013 Miner execution interrupted
Mon Oct 14 19:05:02 EEST 2013 : Miner started
Mon Oct 14 19:05:02 EEST 2013 Miner execution interrupted
Mon Oct 14 19:05:03 EEST 2013 : Miner started
Mon Oct 14 19:05:03 EEST 2013 Miner execution interrupted
Mon Oct 14 19:05:03 EEST 2013 : Miner started
Mon Oct 14 19:05:04 EEST 2013 Miner execution interrupted
Mon Oct 14 19:05:04 EEST 2013 : Miner started
Mon Oct 14 19:05:05 EEST 2013 Miner execution interrupted
Mon Oct 14 19:05:05 EEST 2013 : Miner started
Mon Oct 14 19:05:10 EEST 2013 Miner execution interrupted
Mon Oct 14 19:05:10 EEST 2013 : Miner started
Mon Oct 14 19:05:11 EEST 2013 Miner execution interrupted
Mon Oct 14 19:05:11 EEST 2013 : Miner started
Mon Oct 14 19:05:12 EEST 2013 Miner execution interrupted
Mon Oct 14 19:05:12 EEST 2013 : Miner started
Mon Oct 14 19:05:12 EEST 2013 Miner execution interrupted
Mon Oct 14 19:05:12 EEST 2013 : Miner started
Mon Oct 14 19:05:13 EEST 2013 Miner execution interrupted
Mon Oct 14 19:05:13 EEST 2013 : Miner started
Mon Oct 14 19:05:14 EEST 2013 Miner execution interrupted
Mon Oct 14 19:05:14 EEST 2013 : Miner started
Mon Oct 14 19:05:15 EEST 2013 Miner execution interrupted
Mon Oct 14 19:05:15 EEST 2013 : Miner started
Mon Oct 14 19:05:16 EEST 2013 Miner execution interrupted
Mon Oct 14 19:05:16 EEST 2013 : Miner started
Mon Oct 14 19:05:17 EEST 2013 Miner execution interrupted
Mon Oct 14 19:05:17 EEST 2013 : Miner started
Mon Oct 14 19:05:17 EEST 2013 Miner execution interrupted
Mon Oct 14 19:05:17 EEST 2013 : Miner started
Mon Oct 14 19:05:23 EEST 2013 Miner execution interrupted
Mon Oct 14 19:05:23 EEST 2013 : Miner started
Mon Oct 14 19:05:24 EEST 2013 Miner execution interrupted
Mon Oct 14 19:05:24 EEST 2013 : Miner started
Mon Oct 14 19:05:24 EEST 2013 Miner execution interrupted
Mon Oct 14 19:05:25 EEST 2013 : Miner started
Mon Oct 14 19:05:25 EEST 2013 Miner execution interrupted
Mon Oct 14 19:05:25 EEST 2013 : Miner started
Mon Oct 14 19:05:31 EEST 2013 Miner execution interrupted
Mon Oct 14 19:05:31 EEST 2013 : Miner started
Mon Oct 14 19:05:37 EEST 2013 Miner execution interrupted
Mon Oct 14 19:05:37 EEST 2013 : Miner started
Mon Oct 14 19:05:38 EEST 2013 Miner execution interrupted
Mon Oct 14 19:05:38 EEST 2013 : Miner started
Mon Oct 14 19:05:39 EEST 2013 Miner execution interrupted
Mon Oct 14 19:05:39 EEST 2013 : Miner started
Mon Oct 14 19:05:40 EEST 2013 Miner execution interrupted
Mon Oct 14 19:05:40 EEST 2013 : Miner started
Mon Oct 14 19:05:41 EEST 2013 Miner execution interrupted
Mon Oct 14 19:05:41 EEST 2013 : Miner started
Mon Oct 14 19:05:41 EEST 2013 Miner execution interrupted
Mon Oct 14 19:05:41 EEST 2013 : Miner started
Mon Oct 14 19:05:42 EEST 2013 Miner execution interrupted
Mon Oct 14 19:05:42 EEST 2013 : Miner started
Mon Oct 14 19:05:43 EEST 2013 Miner execution interrupted
Mon Oct 14 19:05:43 EEST 2013 : Miner started
Mon Oct 14 19:05:44 EEST 2013 Miner execution interrupted
Mon Oct 14 19:05:44 EEST 2013 : Miner started
Mon Oct 14 19:05:45 EEST 2013 Miner execution interrupted
Mon Oct 14 19:05:45 EEST 2013 : Miner started
Mon Oct 14 19:05:46 EEST 2013 Miner execution interrupted
Mon Oct 14 19:05:46 EEST 2013 : Miner started
Mon Oct 14 19:05:47 EEST 2013 Miner execution interrupted
Mon Oct 14 19:05:47 EEST 2013 : Miner started
Mon Oct 14 19:05:58 EEST 2013 Miner execution interrupted
Mon Oct 14 19:05:58 EEST 2013 : Miner started
Mon Oct 14 19:06:08 EEST 2013 Miner execution interrupted
Mon Oct 14 19:06:08 EEST 2013 : Miner started
Mon Oct 14 19:06:09 EEST 2013 Miner execution interrupted
Mon Oct 14 19:06:09 EEST 2013 : Miner started
Mon Oct 14 19:06:15 EEST 2013 Miner execution interrupted
Mon Oct 14 19:06:15 EEST 2013 : Miner started
Mon Oct 14 19:06:16 EEST 2013 Miner execution interrupted
Mon Oct 14 19:06:16 EEST 2013 : Miner started
Mon Oct 14 19:06:17 EEST 2013 Miner execution interrupted
Mon Oct 14 19:06:17 EEST 2013 : Miner started
Mon Oct 14 19:06:23 EEST 2013 Miner execution interrupted
Mon Oct 14 19:06:23 EEST 2013 : Miner started
Mon Oct 14 19:06:24 EEST 2013 Miner execution interrupted
Mon Oct 14 19:06:24 EEST 2013 : Miner started
Mon Oct 14 19:06:30 EEST 2013 Miner execution interrupted
Mon Oct 14 19:06:30 EEST 2013 : Miner started
Mon Oct 14 19:06:31 EEST 2013 Miner execution interrupted
Mon Oct 14 19:06:31 EEST 2013 : Miner started
Mon Oct 14 19:06:37 EEST 2013 Miner execution interrupted
Mon Oct 14 19:06:37 EEST 2013 : Miner started
Mon Oct 14 19:06:37 EEST 2013 Miner execution interrupted
Mon Oct 14 19:06:37 EEST 2013 : Miner started
Mon Oct 14 19:06:38 EEST 2013 Miner execution interrupted
Mon Oct 14 19:06:38 EEST 2013 : Miner started
Mon Oct 14 19:06:39 EEST 2013 Miner execution interrupted
Mon Oct 14 19:06:39 EEST 2013 : Miner started
Mon Oct 14 19:06:40 EEST 2013 Miner execution interrupted
Mon Oct 14 19:06:40 EEST 2013 : Miner started
Mon Oct 14 19:06:41 EEST 2013 Miner execution interrupted
Mon Oct 14 19:06:41 EEST 2013 : Miner started
Mon Oct 14 19:06:42 EEST 2013 Miner execution interrupted
Mon Oct 14 19:06:42 EEST 2013 : Miner started
Mon Oct 14 19:06:43 EEST 2013 Miner execution interrupted
Mon Oct 14 19:06:43 EEST 2013 : Miner started
Mon Oct 14 19:06:43 EEST 2013 Miner execution interrupted
Mon Oct 14 19:06:43 EEST 2013 : Miner started
Mon Oct 14 19:06:44 EEST 2013 Miner execution interrupted
Mon Oct 14 19:06:44 EEST 2013 : Miner started
Mon Oct 14 19:06:45 EEST 2013 Miner execution interrupted
Mon Oct 14 19:06:45 EEST 2013 : Miner started
Mon Oct 14 19:06:46 EEST 2013 Miner execution interrupted
Mon Oct 14 19:06:46 EEST 2013 : Miner started
Mon Oct 14 19:06:47 EEST 2013 Miner execution interrupted
Mon Oct 14 19:06:47 EEST 2013 : Miner started
Mon Oct 14 19:06:48 EEST 2013 Miner execution interrupted
Mon Oct 14 19:06:48 EEST 2013 : Miner started
Mon Oct 14 19:06:48 EEST 2013 Miner execution interrupted
Mon Oct 14 19:06:48 EEST 2013 : Miner started
Mon Oct 14 19:06:49 EEST 2013 Miner execution interrupted
Mon Oct 14 19:06:49 EEST 2013 : Miner started
Mon Oct 14 19:06:50 EEST 2013 Miner execution interrupted
Mon Oct 14 19:06:50 EEST 2013 : Miner started
Mon Oct 14 19:18:30 EEST 2013 Miner execution interrupted
Mon Oct 14 19:18:30 EEST 2013 : Miner started
Mon Oct 14 19:18:36 EEST 2013 Miner execution interrupted
Mon Oct 14 19:18:36 EEST 2013 : Miner started
Mon Oct 14 19:18:42 EEST 2013 Miner execution interrupted
Mon Oct 14 19:18:42 EEST 2013 : Miner started
Mon Oct 14 19:18:48 EEST 2013 Miner execution interrupted
Mon Oct 14 19:18:48 EEST 2013 : Miner started
Mon Oct 14 19:18:54 EEST 2013 Miner execution interrupted
Mon Oct 14 19:18:54 EEST 2013 : Miner started
Mon Oct 14 19:19:00 EEST 2013 Miner execution interrupted
Mon Oct 14 19:19:00 EEST 2013 : Miner started
Mon Oct 14 19:19:06 EEST 2013 Miner execution interrupted
Mon Oct 14 19:19:06 EEST 2013 : Miner started
Mon Oct 14 19:19:17 EEST 2013 Miner execution interrupted
Mon Oct 14 19:19:17 EEST 2013 : Miner started
Mon Oct 14 19:19:17 EEST 2013 Miner execution interrupted
Mon Oct 14 19:19:17 EEST 2013 : Miner started
Mon Oct 14 19:19:18 EEST 2013 Miner execution interrupted
Mon Oct 14 19:19:18 EEST 2013 : Miner started
Mon Oct 14 19:19:19 EEST 2013 Miner execution interrupted
Mon Oct 14 19:19:19 EEST 2013 : Miner started
Mon Oct 14 19:19:20 EEST 2013 Miner execution interrupted
Mon Oct 14 19:19:20 EEST 2013 : Miner started
Mon Oct 14 19:19:31 EEST 2013 Miner execution interrupted
Mon Oct 14 19:19:31 EEST 2013 : Miner started
Mon Oct 14 19:19:32 EEST 2013 Miner execution interrupted
Mon Oct 14 19:19:32 EEST 2013 : Miner started
Mon Oct 14 19:19:48 EEST 2013 Miner execution interrupted
Mon Oct 14 19:19:48 EEST 2013 : Miner started
Mon Oct 14 19:19:49 EEST 2013 Miner execution interrupted
Mon Oct 14 19:19:49 EEST 2013 : Miner started
Mon Oct 14 19:19:55 EEST 2013 Miner execution interrupted
Mon Oct 14 19:19:55 EEST 2013 : Miner started
Mon Oct 14 19:19:56 EEST 2013 Miner execution interrupted
Mon Oct 14 19:19:56 EEST 2013 : Miner started
Mon Oct 14 19:19:57 EEST 2013 Miner execution interrupted
Mon Oct 14 19:19:57 EEST 2013 : Miner started
Mon Oct 14 19:19:57 EEST 2013 Miner execution interrupted
Mon Oct 14 19:19:57 EEST 2013 : Miner started
Mon Oct 14 19:19:58 EEST 2013 Miner execution interrupted
Mon Oct 14 19:19:58 EEST 2013 : Miner started
Mon Oct 14 19:19:59 EEST 2013 Miner execution interrupted
Mon Oct 14 19:19:59 EEST 2013 : Miner started
Mon Oct 14 19:20:00 EEST 2013 Miner execution interrupted
Mon Oct 14 19:20:00 EEST 2013 : Miner started
Mon Oct 14 19:20:01 EEST 2013 Miner execution interrupted
Mon Oct 14 19:20:01 EEST 2013 : Miner started
Mon Oct 14 19:20:07 EEST 2013 Miner execution interrupted
Mon Oct 14 19:20:07 EEST 2013 : Miner started
Mon Oct 14 19:20:08 EEST 2013 Miner execution interrupted
Mon Oct 14 19:20:08 EEST 2013 : Miner started
Mon Oct 14 19:20:14 EEST 2013 Miner execution interrupted
Mon Oct 14 19:20:14 EEST 2013 : Miner started
Mon Oct 14 19:20:25 EEST 2013 Miner execution interrupted
Mon Oct 14 19:20:25 EEST 2013 : Miner started
Mon Oct 14 19:20:45 EEST 2013 Miner execution interrupted
Mon Oct 14 19:20:45 EEST 2013 : Miner started
Mon Oct 14 19:20:46 EEST 2013 Miner execution interrupted
Mon Oct 14 19:20:46 EEST 2013 : Miner started
Mon Oct 14 19:20:47 EEST 2013 Miner execution interrupted
Mon Oct 14 19:20:47 EEST 2013 : Miner started
Mon Oct 14 19:21:03 EEST 2013 Miner execution interrupted
Mon Oct 14 19:21:03 EEST 2013 : Miner started
Mon Oct 14 19:21:04 EEST 2013 Miner execution interrupted
Mon Oct 14 19:21:04 EEST 2013 : Miner started
Mon Oct 14 19:21:04 EEST 2013 Miner execution interrupted
Mon Oct 14 19:21:04 EEST 2013 : Miner started
Mon Oct 14 19:21:10 EEST 2013 Miner execution interrupted
Mon Oct 14 19:21:10 EEST 2013 : Miner started
Mon Oct 14 19:21:11 EEST 2013 Miner execution interrupted
Mon Oct 14 19:21:11 EEST 2013 : Miner started
Mon Oct 14 19:21:11 EEST 2013 Miner execution interrupted
Mon Oct 14 19:21:11 EEST 2013 : Miner started
Mon Oct 14 19:21:12 EEST 2013 Miner execution interrupted
Mon Oct 14 19:21:12 EEST 2013 : Miner started
Mon Oct 14 19:21:18 EEST 2013 Miner execution interrupted
Mon Oct 14 19:21:18 EEST 2013 : Miner started
Mon Oct 14 19:21:39 EEST 2013 Miner execution interrupted
Mon Oct 14 19:21:39 EEST 2013 : Miner started
Mon Oct 14 19:21:40 EEST 2013 Miner execution interrupted
Mon Oct 14 19:21:40 EEST 2013 : Miner started
Mon Oct 14 19:21:41 EEST 2013 Miner execution interrupted
Mon Oct 14 19:21:41 EEST 2013 : Miner started
Mon Oct 14 19:21:47 EEST 2013 Miner execution interrupted
Mon Oct 14 19:21:47 EEST 2013 : Miner started
Mon Oct 14 19:21:48 EEST 2013 Miner execution interrupted
Mon Oct 14 19:21:48 EEST 2013 : Miner started
Mon Oct 14 19:21:49 EEST 2013 Miner execution interrupted
Mon Oct 14 19:21:49 EEST 2013 : Miner started
Mon Oct 14 19:21:50 EEST 2013 Miner execution interrupted
Mon Oct 14 19:21:50 EEST 2013 : Miner started
Mon Oct 14 19:21:51 EEST 2013 Miner execution interrupted
Mon Oct 14 19:21:51 EEST 2013 : Miner started
Mon Oct 14 19:21:57 EEST 2013 Miner execution interrupted
Mon Oct 14 19:21:57 EEST 2013 : Miner started
Mon Oct 14 19:21:57 EEST 2013 Miner execution interrupted
Mon Oct 14 19:21:57 EEST 2013 : Miner started
Mon Oct 14 19:22:03 EEST 2013 Miner execution interrupted
Mon Oct 14 19:22:03 EEST 2013 : Miner started
Mon Oct 14 19:22:14 EEST 2013 Miner execution interrupted
Mon Oct 14 19:22:14 EEST 2013 : Miner started
Mon Oct 14 19:22:15 EEST 2013 Miner execution interrupted
Mon Oct 14 19:22:15 EEST 2013 : Miner started
Mon Oct 14 19:22:36 EEST 2013 Miner execution interrupted
Mon Oct 14 19:22:36 EEST 2013 : Miner started
Mon Oct 14 19:22:37 EEST 2013 Miner execution interrupted
Mon Oct 14 19:22:37 EEST 2013 : Miner started
Mon Oct 14 19:22:43 EEST 2013 Miner execution interrupted
Mon Oct 14 19:22:43 EEST 2013 : Miner started
Mon Oct 14 19:22:49 EEST 2013 Miner execution interrupted
Mon Oct 14 19:22:49 EEST 2013 : Miner started
Mon Oct 14 19:22:55 EEST 2013 Miner execution interrupted
Mon Oct 14 19:22:55 EEST 2013 : Miner started
Mon Oct 14 19:22:56 EEST 2013 Miner execution interrupted
Mon Oct 14 19:22:56 EEST 2013 : Miner started
Mon Oct 14 19:23:21 EEST 2013 Miner execution interrupted
Mon Oct 14 19:23:21 EEST 2013 : Miner started
Mon Oct 14 19:23:27 EEST 2013 Miner execution interrupted
Mon Oct 14 19:23:27 EEST 2013 : Miner started
Mon Oct 14 19:23:33 EEST 2013 Miner execution interrupted
Mon Oct 14 19:23:33 EEST 2013 : Miner started
Mon Oct 14 19:23:34 EEST 2013 Miner execution interrupted
Mon Oct 14 19:23:34 EEST 2013 : Miner started
Mon Oct 14 19:23:35 EEST 2013 Miner execution interrupted
Mon Oct 14 19:23:35 EEST 2013 : Miner started
Mon Oct 14 19:23:36 EEST 2013 Miner execution interrupted
Mon Oct 14 19:23:36 EEST 2013 : Miner started
Mon Oct 14 19:23:37 EEST 2013 Miner execution interrupted
Mon Oct 14 19:23:37 EEST 2013 : Miner started
Mon Oct 14 19:23:48 EEST 2013 Miner execution interrupted
Mon Oct 14 19:23:48 EEST 2013 : Miner started
Mon Oct 14 19:23:55 EEST 2013 Miner execution interrupted
Mon Oct 14 19:23:55 EEST 2013 : Miner started
Mon Oct 14 19:23:55 EEST 2013 Miner execution interrupted
Mon Oct 14 19:23:56 EEST 2013 : Miner started
Mon Oct 14 19:24:16 EEST 2013 Miner execution interrupted
Mon Oct 14 19:24:16 EEST 2013 : Miner started
Mon Oct 14 19:24:27 EEST 2013 Miner execution interrupted
Mon Oct 14 19:24:27 EEST 2013 : Miner started
Mon Oct 14 19:24:33 EEST 2013 Miner execution interrupted
Mon Oct 14 19:24:33 EEST 2013 : Miner started
Mon Oct 14 19:24:34 EEST 2013 Miner execution interrupted
Mon Oct 14 19:24:34 EEST 2013 : Miner started
Mon Oct 14 19:24:35 EEST 2013 Miner execution interrupted
Mon Oct 14 19:24:35 EEST 2013 : Miner started
Mon Oct 14 19:24:36 EEST 2013 Miner execution interrupted
Mon Oct 14 19:24:36 EEST 2013 : Miner started
Mon Oct 14 19:24:37 EEST 2013 Miner execution interrupted
Mon Oct 14 19:24:37 EEST 2013 : Miner started
Mon Oct 14 19:24:43 EEST 2013 Miner execution interrupted
Mon Oct 14 19:24:43 EEST 2013 : Miner started
Mon Oct 14 19:24:48 EEST 2013 Miner execution interrupted
Mon Oct 14 19:24:49 EEST 2013 : Miner started
Mon Oct 14 19:24:49 EEST 2013 Miner execution interrupted
Mon Oct 14 19:24:49 EEST 2013 : Miner started
Mon Oct 14 19:24:50 EEST 2013 Miner execution interrupted
Mon Oct 14 19:24:50 EEST 2013 : Miner started
Mon Oct 14 19:25:06 EEST 2013 Miner execution interrupted
Mon Oct 14 19:25:06 EEST 2013 : Miner started
Mon Oct 14 19:25:22 EEST 2013 Miner execution interrupted
Mon Oct 14 19:25:22 EEST 2013 : Miner started
Mon Oct 14 19:25:33 EEST 2013 Miner execution interrupted
Mon Oct 14 19:25:33 EEST 2013 : Miner started
Mon Oct 14 19:25:34 EEST 2013 Miner execution interrupted
Mon Oct 14 19:25:34 EEST 2013 : Miner started
Mon Oct 14 19:25:35 EEST 2013 Miner execution interrupted
Mon Oct 14 19:25:35 EEST 2013 : Miner started
Mon Oct 14 19:25:36 EEST 2013 Miner execution interrupted
Mon Oct 14 19:25:36 EEST 2013 : Miner started
Mon Oct 14 19:25:37 EEST 2013 Miner execution interrupted
Mon Oct 14 19:25:37 EEST 2013 : Miner started
Mon Oct 14 19:25:53 EEST 2013 Miner execution interrupted
Mon Oct 14 19:25:53 EEST 2013 : Miner started
Mon Oct 14 19:25:54 EEST 2013 Miner execution interrupted
Mon Oct 14 19:25:54 EEST 2013 : Miner started
Mon Oct 14 19:25:54 EEST 2013 Miner execution interrupted
Mon Oct 14 19:25:55 EEST 2013 : Miner started
Mon Oct 14 19:26:10 EEST 2013 Miner execution interrupted
Mon Oct 14 19:26:10 EEST 2013 : Miner started
Mon Oct 14 19:26:17 EEST 2013 Miner execution interrupted
Mon Oct 14 19:26:17 EEST 2013 : Miner started
Mon Oct 14 19:26:19 EEST 2013 Miner execution interrupted
Mon Oct 14 19:26:19 EEST 2013 : Miner started
Mon Oct 14 19:26:26 EEST 2013 Miner execution interrupted
Mon Oct 14 19:26:26 EEST 2013 : Miner started
Mon Oct 14 19:26:27 EEST 2013 Miner execution interrupted
Mon Oct 14 19:26:27 EEST 2013 : Miner started
Mon Oct 14 19:26:43 EEST 2013 Miner execution interrupted
Mon Oct 14 19:26:43 EEST 2013 : Miner started
Mon Oct 14 19:26:50 EEST 2013 Miner execution interrupted
Mon Oct 14 19:26:50 EEST 2013 : Miner started
Mon Oct 14 19:26:51 EEST 2013 Miner execution interrupted
Mon Oct 14 19:26:51 EEST 2013 : Miner started
Mon Oct 14 19:26:58 EEST 2013 Miner execution interrupted
Mon Oct 14 19:26:58 EEST 2013 : Miner started
Mon Oct 14 19:26:59 EEST 2013 Miner execution interrupted
Mon Oct 14 19:26:59 EEST 2013 : Miner started
Mon Oct 14 19:27:06 EEST 2013 Miner execution interrupted
Mon Oct 14 19:27:06 EEST 2013 : Miner started
Mon Oct 14 19:27:07 EEST 2013 Miner execution interrupted
Mon Oct 14 19:27:07 EEST 2013 : Miner started
Mon Oct 14 19:27:09 EEST 2013 Miner execution interrupted
Mon Oct 14 19:27:09 EEST 2013 : Miner started
Mon Oct 14 19:27:10 EEST 2013 Miner execution interrupted
Mon Oct 14 19:27:10 EEST 2013 : Miner started
Mon Oct 14 19:27:12 EEST 2013 Miner execution interrupted
Mon Oct 14 19:27:12 EEST 2013 : Miner started
Mon Oct 14 19:27:28 EEST 2013 Miner execution interrupted
Mon Oct 14 19:27:28 EEST 2013 : Miner started
Mon Oct 14 19:27:30 EEST 2013 Miner execution interrupted
Mon Oct 14 19:27:30 EEST 2013 : Miner started
Mon Oct 14 19:27:36 EEST 2013 Miner execution interrupted
Mon Oct 14 19:27:36 EEST 2013 : Miner started
Mon Oct 14 19:27:38 EEST 2013 Miner execution interrupted
Mon Oct 14 19:27:38 EEST 2013 : Miner started
Mon Oct 14 19:27:39 EEST 2013 Miner execution interrupted
Mon Oct 14 19:27:39 EEST 2013 : Miner started
Mon Oct 14 19:27:45 EEST 2013 Miner execution interrupted
Mon Oct 14 19:27:45 EEST 2013 : Miner started
Mon Oct 14 19:27:52 EEST 2013 Miner execution interrupted
Mon Oct 14 19:27:52 EEST 2013 : Miner started
Mon Oct 14 19:27:58 EEST 2013 Miner execution interrupted
Mon Oct 14 19:27:58 EEST 2013 : Miner started
Mon Oct 14 19:28:05 EEST 2013 Miner execution interrupted
Mon Oct 14 19:28:05 EEST 2013 : Miner started
Mon Oct 14 19:28:06 EEST 2013 Miner execution interrupted
Mon Oct 14 19:28:06 EEST 2013 : Miner started
Mon Oct 14 19:28:13 EEST 2013 Miner execution interrupted
Mon Oct 14 19:28:13 EEST 2013 : Miner started
Mon Oct 14 19:28:14 EEST 2013 Miner execution interrupted
Mon Oct 14 19:28:14 EEST 2013 : Miner started
Mon Oct 14 19:28:26 EEST 2013 Miner execution interrupted
Mon Oct 14 19:28:26 EEST 2013 : Miner started
Mon Oct 14 19:28:27 EEST 2013 Miner execution interrupted
Mon Oct 14 19:28:27 EEST 2013 : Miner started
Mon Oct 14 19:28:29 EEST 2013 Miner execution interrupted
Mon Oct 14 19:28:29 EEST 2013 : Miner started
Mon Oct 14 19:28:40 EEST 2013 Miner execution interrupted
Mon Oct 14 19:28:40 EEST 2013 : Miner started
Mon Oct 14 19:28:47 EEST 2013 Miner execution interrupted
Mon Oct 14 19:28:47 EEST 2013 : Miner started
Mon Oct 14 19:28:48 EEST 2013 Miner execution interrupted
Mon Oct 14 19:28:48 EEST 2013 : Miner started
Mon Oct 14 19:28:49 EEST 2013 Miner execution interrupted
Mon Oct 14 19:28:49 EEST 2013 : Miner started
Mon Oct 14 19:28:51 EEST 2013 Miner execution interrupted
Mon Oct 14 19:28:51 EEST 2013 : Miner started
Mon Oct 14 19:29:07 EEST 2013 Miner execution interrupted
Mon Oct 14 19:29:07 EEST 2013 : Miner started
Mon Oct 14 19:29:09 EEST 2013 Miner execution interrupted
Mon Oct 14 19:29:09 EEST 2013 : Miner started
Mon Oct 14 19:29:10 EEST 2013 Miner execution interrupted
Mon Oct 14 19:29:10 EEST 2013 : Miner started
Mon Oct 14 19:29:12 EEST 2013 Miner execution interrupted
Mon Oct 14 19:29:12 EEST 2013 : Miner started
Mon Oct 14 19:29:13 EEST 2013 Miner execution interrupted
Mon Oct 14 19:29:13 EEST 2013 : Miner started
Mon Oct 14 19:29:20 EEST 2013 Miner execution interrupted
Mon Oct 14 19:29:20 EEST 2013 : Miner started
Mon Oct 14 19:29:20 EEST 2013 Miner execution interrupted
Mon Oct 14 19:29:21 EEST 2013 : Miner started
Mon Oct 14 19:29:21 EEST 2013 Miner execution interrupted
Mon Oct 14 19:29:21 EEST 2013 : Miner started
Mon Oct 14 19:29:27 EEST 2013 Miner execution interrupted
Mon Oct 14 19:29:27 EEST 2013 : Miner started
Mon Oct 14 19:29:33 EEST 2013 Miner execution interrupted
Mon Oct 14 19:29:33 EEST 2013 : Miner started
Mon Oct 14 19:29:34 EEST 2013 Miner execution interrupted
Mon Oct 14 19:29:34 EEST 2013 : Miner started
Mon Oct 14 19:29:40 EEST 2013 Miner execution interrupted
Mon Oct 14 19:29:40 EEST 2013 : Miner started
Mon Oct 14 19:29:46 EEST 2013 Miner execution interrupted
Mon Oct 14 19:29:46 EEST 2013 : Miner started
Mon Oct 14 19:29:47 EEST 2013 Miner execution interrupted
Mon Oct 14 19:29:47 EEST 2013 : Miner started
Mon Oct 14 19:29:48 EEST 2013 Miner execution interrupted
Mon Oct 14 19:29:48 EEST 2013 : Miner started
Mon Oct 14 19:29:49 EEST 2013 Miner execution interrupted
Mon Oct 14 19:29:49 EEST 2013 : Miner started
Mon Oct 14 19:29:50 EEST 2013 Miner execution interrupted
Mon Oct 14 19:29:50 EEST 2013 : Miner started
Mon Oct 14 19:30:06 EEST 2013 Miner execution interrupted
Mon Oct 14 19:30:06 EEST 2013 : Miner started
Mon Oct 14 19:30:17 EEST 2013 Miner execution interrupted
Mon Oct 14 19:30:17 EEST 2013 : Miner started
Mon Oct 14 19:30:29 EEST 2013 Miner execution interrupted
Mon Oct 14 19:30:29 EEST 2013 : Miner started
Mon Oct 14 19:30:29 EEST 2013 Miner execution interrupted
Mon Oct 14 19:30:29 EEST 2013 : Miner started
Mon Oct 14 19:30:40 EEST 2013 Miner execution interrupted
Mon Oct 14 19:30:40 EEST 2013 : Miner started
Mon Oct 14 19:30:41 EEST 2013 Miner execution interrupted
Mon Oct 14 19:30:41 EEST 2013 : Miner started
Mon Oct 14 19:30:42 EEST 2013 Miner execution interrupted
Mon Oct 14 19:30:42 EEST 2013 : Miner started
Mon Oct 14 19:30:48 EEST 2013 Miner execution interrupted
Mon Oct 14 19:30:48 EEST 2013 : Miner started
Mon Oct 14 19:30:49 EEST 2013 Miner execution interrupted
Mon Oct 14 19:30:49 EEST 2013 : Miner started
Mon Oct 14 19:30:50 EEST 2013 Miner execution interrupted
Mon Oct 14 19:30:50 EEST 2013 : Miner started
Mon Oct 14 19:30:51 EEST 2013 Miner execution interrupted
Mon Oct 14 19:30:51 EEST 2013 : Miner started
Mon Oct 14 19:30:52 EEST 2013 Miner execution interrupted
Mon Oct 14 19:30:52 EEST 2013 : Miner started
Mon Oct 14 19:30:53 EEST 2013 Miner execution interrupted
Mon Oct 14 19:30:53 EEST 2013 : Miner started
Mon Oct 14 19:30:54 EEST 2013 Miner execution interrupted
Mon Oct 14 19:30:54 EEST 2013 : Miner started
Mon Oct 14 19:31:01 EEST 2013 Miner execution interrupted
Mon Oct 14 19:31:01 EEST 2013 : Miner started
Mon Oct 14 19:31:02 EEST 2013 Miner execution interrupted
Mon Oct 14 19:31:02 EEST 2013 : Miner started
Mon Oct 14 19:31:07 EEST 2013 Miner execution interrupted
Mon Oct 14 19:31:07 EEST 2013 : Miner started
Mon Oct 14 19:31:08 EEST 2013 Miner execution interrupted
Mon Oct 14 19:31:08 EEST 2013 : Miner started
Mon Oct 14 19:31:09 EEST 2013 Miner execution interrupted
Mon Oct 14 19:31:09 EEST 2013 : Miner started
Mon Oct 14 19:31:10 EEST 2013 Miner execution interrupted
Mon Oct 14 19:31:10 EEST 2013 : Miner started
Mon Oct 14 19:31:11 EEST 2013 Miner execution interrupted
Mon Oct 14 19:31:11 EEST 2013 : Miner started
Mon Oct 14 19:31:17 EEST 2013 Miner execution interrupted
Mon Oct 14 19:31:17 EEST 2013 : Miner started
Mon Oct 14 19:31:18 EEST 2013 Miner execution interrupted
Mon Oct 14 19:31:18 EEST 2013 : Miner started
Mon Oct 14 19:31:19 EEST 2013 Miner execution interrupted
Mon Oct 14 19:31:19 EEST 2013 : Miner started
Mon Oct 14 19:31:20 EEST 2013 Miner execution interrupted
Mon Oct 14 19:31:20 EEST 2013 : Miner started
Mon Oct 14 19:31:21 EEST 2013 Miner execution interrupted
Mon Oct 14 19:31:21 EEST 2013 : Miner started
Mon Oct 14 19:31:27 EEST 2013 Miner execution interrupted
Mon Oct 14 19:31:27 EEST 2013 : Miner started
Mon Oct 14 19:31:28 EEST 2013 Miner execution interrupted
Mon Oct 14 19:31:28 EEST 2013 : Miner started
Mon Oct 14 19:31:33 EEST 2013 Miner execution interrupted
Mon Oct 14 19:31:33 EEST 2013 : Miner started
Mon Oct 14 19:31:34 EEST 2013 Miner execution interrupted
Mon Oct 14 19:31:34 EEST 2013 : Miner started
Mon Oct 14 19:31:35 EEST 2013 Miner execution interrupted
Mon Oct 14 19:31:35 EEST 2013 : Miner started
Mon Oct 14 19:31:36 EEST 2013 Miner execution interrupted
Mon Oct 14 19:31:36 EEST 2013 : Miner started
Mon Oct 14 19:31:37 EEST 2013 Miner execution interrupted
Mon Oct 14 19:31:37 EEST 2013 : Miner started
Mon Oct 14 19:31:38 EEST 2013 Miner execution interrupted
Mon Oct 14 19:31:38 EEST 2013 : Miner started
Mon Oct 14 19:31:44 EEST 2013 Miner execution interrupted
Mon Oct 14 19:31:44 EEST 2013 : Miner started
Mon Oct 14 19:31:50 EEST 2013 Miner execution interrupted
Mon Oct 14 19:31:50 EEST 2013 : Miner started
Mon Oct 14 19:31:51 EEST 2013 Miner execution interrupted
Mon Oct 14 19:31:51 EEST 2013 : Miner started
Mon Oct 14 19:32:06 EEST 2013 Miner execution interrupted
Mon Oct 14 19:32:06 EEST 2013 : Miner started
Mon Oct 14 19:32:07 EEST 2013 Miner execution interrupted
Mon Oct 14 19:32:07 EEST 2013 : Miner started
Mon Oct 14 19:32:09 EEST 2013 Miner execution interrupted
Mon Oct 14 19:32:09 EEST 2013 : Miner started
Mon Oct 14 19:32:15 EEST 2013 Miner execution interrupted
Mon Oct 14 19:32:15 EEST 2013 : Miner started
Mon Oct 14 19:32:16 EEST 2013 Miner execution interrupted
Mon Oct 14 19:32:16 EEST 2013 : Miner started
Mon Oct 14 19:32:17 EEST 2013 Miner execution interrupted
Mon Oct 14 19:32:17 EEST 2013 : Miner started
Mon Oct 14 19:32:23 EEST 2013 Miner execution interrupted
Mon Oct 14 19:32:23 EEST 2013 : Miner started
Mon Oct 14 19:32:30 EEST 2013 Miner execution interrupted
Mon Oct 14 19:32:30 EEST 2013 : Miner started
Mon Oct 14 19:32:31 EEST 2013 Miner execution interrupted
Mon Oct 14 19:32:31 EEST 2013 : Miner started
Mon Oct 14 19:32:32 EEST 2013 Miner execution interrupted
Mon Oct 14 19:32:32 EEST 2013 : Miner started
Mon Oct 14 19:32:57 EEST 2013 Miner execution interrupted
Mon Oct 14 19:32:57 EEST 2013 : Miner started
Mon Oct 14 19:33:03 EEST 2013 Miner execution interrupted
Mon Oct 14 19:33:03 EEST 2013 : Miner started
Mon Oct 14 19:33:04 EEST 2013 Miner execution interrupted
Mon Oct 14 19:33:04 EEST 2013 : Miner started
Mon Oct 14 19:33:05 EEST 2013 Miner execution interrupted
Mon Oct 14 19:33:05 EEST 2013 : Miner started
Mon Oct 14 19:33:21 EEST 2013 Miner execution interrupted
Mon Oct 14 19:33:21 EEST 2013 : Miner started
Mon Oct 14 19:33:22 EEST 2013 Miner execution interrupted
Mon Oct 14 19:33:22 EEST 2013 : Miner started
Mon Oct 14 19:33:23 EEST 2013 Miner execution interrupted
Mon Oct 14 19:33:23 EEST 2013 : Miner started
Mon Oct 14 19:33:29 EEST 2013 Miner execution interrupted
Mon Oct 14 19:33:29 EEST 2013 : Miner started
Mon Oct 14 19:33:31 EEST 2013 Miner execution interrupted
Mon Oct 14 19:33:31 EEST 2013 : Miner started
Mon Oct 14 19:33:42 EEST 2013 Miner execution interrupted
Mon Oct 14 19:33:42 EEST 2013 : Miner started
Mon Oct 14 19:33:42 EEST 2013 Miner execution interrupted
Mon Oct 14 19:33:42 EEST 2013 : Miner started
Mon Oct 14 19:33:43 EEST 2013 Miner execution interrupted
Mon Oct 14 19:33:43 EEST 2013 : Miner started
Mon Oct 14 19:33:44 EEST 2013 Miner execution interrupted
Mon Oct 14 19:33:44 EEST 2013 : Miner started
Mon Oct 14 19:34:05 EEST 2013 Miner execution interrupted
Mon Oct 14 19:34:05 EEST 2013 : Miner started
Mon Oct 14 19:34:16 EEST 2013 Miner execution interrupted
Mon Oct 14 19:34:16 EEST 2013 : Miner started
Mon Oct 14 19:34:17 EEST 2013 Miner execution interrupted
Mon Oct 14 19:34:17 EEST 2013 : Miner started
Mon Oct 14 19:34:23 EEST 2013 Miner execution interrupted
Mon Oct 14 19:34:23 EEST 2013 : Miner started
Mon Oct 14 19:34:24 EEST 2013 Miner execution interrupted
Mon Oct 14 19:34:24 EEST 2013 : Miner started
Mon Oct 14 19:34:25 EEST 2013 Miner execution interrupted
Mon Oct 14 19:34:25 EEST 2013 : Miner started
Mon Oct 14 19:34:35 EEST 2013 Miner execution interrupted
Mon Oct 14 19:34:36 EEST 2013 : Miner started
Mon Oct 14 19:34:36 EEST 2013 Miner execution interrupted
Mon Oct 14 19:34:36 EEST 2013 : Miner started
Mon Oct 14 19:34:37 EEST 2013 Miner execution interrupted
Mon Oct 14 19:34:37 EEST 2013 : Miner started
Mon Oct 14 19:34:38 EEST 2013 Miner execution interrupted
Mon Oct 14 19:34:38 EEST 2013 : Miner started
Mon Oct 14 19:34:39 EEST 2013 Miner execution interrupted
Mon Oct 14 19:34:39 EEST 2013 : Miner started
Mon Oct 14 19:34:40 EEST 2013 Miner execution interrupted
Mon Oct 14 19:34:40 EEST 2013 : Miner started
Mon Oct 14 19:34:41 EEST 2013 Miner execution interrupted
Mon Oct 14 19:34:41 EEST 2013 : Miner started
Mon Oct 14 19:34:42 EEST 2013 Miner execution interrupted
Mon Oct 14 19:34:42 EEST 2013 : Miner started
Mon Oct 14 19:34:48 EEST 2013 Miner execution interrupted
Mon Oct 14 19:34:48 EEST 2013 : Miner started
Mon Oct 14 19:34:49 EEST 2013 Miner execution interrupted
Mon Oct 14 19:34:49 EEST 2013 : Miner started
Mon Oct 14 19:34:50 EEST 2013 Miner execution interrupted
Mon Oct 14 19:34:50 EEST 2013 : Miner started
Mon Oct 14 19:35:01 EEST 2013 Miner execution interrupted
Mon Oct 14 19:35:01 EEST 2013 : Miner started
Mon Oct 14 19:35:02 EEST 2013 Miner execution interrupted
Mon Oct 14 19:35:02 EEST 2013 : Miner started
Mon Oct 14 19:35:02 EEST 2013 Miner execution interrupted
Mon Oct 14 19:35:02 EEST 2013 : Miner started
Mon Oct 14 19:35:03 EEST 2013 Miner execution interrupted
Mon Oct 14 19:35:03 EEST 2013 : Miner started
Mon Oct 14 19:35:09 EEST 2013 Miner execution interrupted
Mon Oct 14 19:35:09 EEST 2013 : Miner started
Mon Oct 14 19:35:10 EEST 2013 Miner execution interrupted
Mon Oct 14 19:35:10 EEST 2013 : Miner started
Mon Oct 14 19:35:11 EEST 2013 Miner execution interrupted
Mon Oct 14 19:35:11 EEST 2013 : Miner started
Mon Oct 14 19:35:12 EEST 2013 Miner execution interrupted
Mon Oct 14 19:35:12 EEST 2013 : Miner started
Mon Oct 14 19:35:13 EEST 2013 Miner execution interrupted
Mon Oct 14 19:35:13 EEST 2013 : Miner started
Mon Oct 14 19:35:19 EEST 2013 Miner execution interrupted
Mon Oct 14 19:35:19 EEST 2013 : Miner started
Mon Oct 14 19:35:30 EEST 2013 Miner execution interrupted
Mon Oct 14 19:35:30 EEST 2013 : Miner started
Mon Oct 14 19:35:41 EEST 2013 Miner execution interrupted
Mon Oct 14 19:35:41 EEST 2013 : Miner started
Mon Oct 14 19:35:42 EEST 2013 Miner execution interrupted
Mon Oct 14 19:35:42 EEST 2013 : Miner started
Mon Oct 14 19:35:43 EEST 2013 Miner execution interrupted
Mon Oct 14 19:35:43 EEST 2013 : Miner started
Mon Oct 14 19:35:49 EEST 2013 Miner execution interrupted
Mon Oct 14 19:35:49 EEST 2013 : Miner started
Mon Oct 14 19:35:50 EEST 2013 Miner execution interrupted
Mon Oct 14 19:35:50 EEST 2013 : Miner started
Mon Oct 14 19:36:01 EEST 2013 Miner execution interrupted
Mon Oct 14 19:36:01 EEST 2013 : Miner started
Mon Oct 14 19:36:02 EEST 2013 Miner execution interrupted
Mon Oct 14 19:36:02 EEST 2013 : Miner started
Mon Oct 14 19:36:18 EEST 2013 Miner execution interrupted
Mon Oct 14 19:36:18 EEST 2013 : Miner started
Mon Oct 14 19:36:29 EEST 2013 Miner execution interrupted
Mon Oct 14 19:36:29 EEST 2013 : Miner started
Mon Oct 14 19:36:33 EEST 2013 Miner execution interrupted
Mon Oct 14 19:36:33 EEST 2013 : Miner started
Mon Oct 14 19:36:34 EEST 2013 Miner execution interrupted
Mon Oct 14 19:36:34 EEST 2013 : Miner started
Mon Oct 14 19:36:35 EEST 2013 Miner execution interrupted
Mon Oct 14 19:36:35 EEST 2013 : Miner started
Mon Oct 14 19:36:41 EEST 2013 Miner execution interrupted
Mon Oct 14 19:36:41 EEST 2013 : Miner started
Mon Oct 14 19:36:42 EEST 2013 Miner execution interrupted
Mon Oct 14 19:36:42 EEST 2013 : Miner started
Mon Oct 14 19:36:43 EEST 2013 Miner execution interrupted
Mon Oct 14 19:36:43 EEST 2013 : Miner started
Mon Oct 14 19:36:44 EEST 2013 Miner execution interrupted
Mon Oct 14 19:36:44 EEST 2013 : Miner started
Mon Oct 14 19:36:50 EEST 2013 Miner execution interrupted
Mon Oct 14 19:36:50 EEST 2013 : Miner started
Mon Oct 14 19:37:02 EEST 2013 : Miner started
Mon Oct 14 19:37:02 EEST 2013 Miner execution interrupted
Mon Oct 14 19:37:02 EEST 2013 : Miner started
Mon Oct 14 19:37:02 EEST 2013 Miner execution interrupted
Mon Oct 14 19:37:02 EEST 2013 : Miner started
Mon Oct 14 19:37:03 EEST 2013 Miner execution interrupted
Mon Oct 14 19:37:03 EEST 2013 : Miner started
Mon Oct 14 19:37:03 EEST 2013 Miner execution interrupted
Mon Oct 14 19:37:03 EEST 2013 : Miner started
Mon Oct 14 19:37:03 EEST 2013 Miner execution interrupted
Mon Oct 14 19:37:03 EEST 2013 : Miner started
Mon Oct 14 19:37:03 EEST 2013 Miner execution interrupted
Mon Oct 14 19:37:03 EEST 2013 : Miner started
Mon Oct 14 19:37:03 EEST 2013 Miner execution interrupted
Mon Oct 14 19:37:03 EEST 2013 : Miner started
Mon Oct 14 19:37:03 EEST 2013 Miner execution interrupted
Mon Oct 14 19:37:03 EEST 2013 : Miner started
Mon Oct 14 19:37:03 EEST 2013 Miner execution interrupted
Mon Oct 14 19:37:03 EEST 2013 : Miner started
Mon Oct 14 19:37:03 EEST 2013 Miner execution interrupted
Mon Oct 14 19:37:03 EEST 2013 : Miner started
Mon Oct 14 19:37:03 EEST 2013 Miner execution interrupted
Mon Oct 14 19:37:03 EEST 2013 : Miner started
Mon Oct 14 19:37:03 EEST 2013 Miner execution interrupted
Mon Oct 14 19:37:03 EEST 2013 : Miner started
Mon Oct 14 19:37:03 EEST 2013 Miner execution interrupted
Mon Oct 14 19:37:03 EEST 2013 : Miner started
Mon Oct 14 19:37:03 EEST 2013 Miner execution interrupted
Mon Oct 14 19:37:03 EEST 2013 : Miner started
Mon Oct 14 19:37:03 EEST 2013 Miner execution interrupted
Mon Oct 14 19:37:03 EEST 2013 : Miner started
Mon Oct 14 19:37:04 EEST 2013 Miner execution interrupted
Mon Oct 14 19:37:04 EEST 2013 : Miner started
Mon Oct 14 19:37:04 EEST 2013 Miner execution interrupted
Mon Oct 14 19:37:04 EEST 2013 : Miner started
Mon Oct 14 19:37:04 EEST 2013 Miner execution interrupted
Mon Oct 14 19:37:04 EEST 2013 : Miner started
Mon Oct 14 19:37:04 EEST 2013 Miner execution interrupted
Mon Oct 14 19:37:04 EEST 2013 : Miner started
Mon Oct 14 19:37:04 EEST 2013 Miner execution interrupted
Mon Oct 14 19:37:04 EEST 2013 : Miner started
Mon Oct 14 19:37:04 EEST 2013 Miner execution interrupted
Mon Oct 14 19:37:04 EEST 2013 : Miner started
Mon Oct 14 19:37:04 EEST 2013 Miner execution interrupted
Mon Oct 14 19:37:04 EEST 2013 : Miner started
Mon Oct 14 19:37:04 EEST 2013 Miner execution interrupted
Mon Oct 14 19:37:04 EEST 2013 : Miner started
Mon Oct 14 19:37:04 EEST 2013 Miner execution interrupted
Mon Oct 14 19:37:04 EEST 2013 : Miner started
Mon Oct 14 19:37:04 EEST 2013 Miner execution interrupted
Mon Oct 14 19:37:04 EEST 2013 : Miner started
Mon Oct 14 19:37:04 EEST 2013 Miner execution interrupted
Mon Oct 14 19:37:04 EEST 2013 : Miner started
Mon Oct 14 19:37:04 EEST 2013 Miner execution interrupted
Mon Oct 14 19:37:04 EEST 2013 : Miner started
Mon Oct 14 19:37:04 EEST 2013 Miner execution interrupted
Mon Oct 14 19:37:04 EEST 2013 : Miner started
Mon Oct 14 19:37:05 EEST 2013 Miner execution interrupted
Mon Oct 14 19:37:05 EEST 2013 : Miner started
Mon Oct 14 19:37:05 EEST 2013 Miner execution interrupted
Mon Oct 14 19:37:05 EEST 2013 : Miner started
Mon Oct 14 19:37:05 EEST 2013 Miner execution interrupted
Mon Oct 14 19:37:05 EEST 2013 : Miner started
Mon Oct 14 19:37:05 EEST 2013 Miner execution interrupted
Mon Oct 14 19:37:05 EEST 2013 : Miner started
Mon Oct 14 19:37:05 EEST 2013 Miner execution interrupted
Mon Oct 14 19:37:05 EEST 2013 : Miner started
Mon Oct 14 19:37:05 EEST 2013 Miner execution interrupted
Mon Oct 14 19:37:05 EEST 2013 : Miner started
Mon Oct 14 19:37:05 EEST 2013 Miner execution interrupted
Mon Oct 14 19:37:05 EEST 2013 : Miner started
Mon Oct 14 19:37:05 EEST 2013 Miner execution interrupted
Mon Oct 14 19:37:05 EEST 2013 : Miner started
Mon Oct 14 19:37:05 EEST 2013 Miner execution interrupted
Mon Oct 14 19:37:05 EEST 2013 : Miner started
Mon Oct 14 19:37:05 EEST 2013 Miner execution interrupted
Mon Oct 14 19:37:05 EEST 2013 : Miner started
Mon Oct 14 19:37:05 EEST 2013 Miner execution interrupted
Mon Oct 14 19:37:05 EEST 2013 : Miner started
Mon Oct 14 19:37:05 EEST 2013 Miner execution interrupted
Mon Oct 14 19:37:05 EEST 2013 : Miner started
Mon Oct 14 19:37:05 EEST 2013 Miner execution interrupted
Mon Oct 14 19:37:05 EEST 2013 : Miner started
Mon Oct 14 19:37:06 EEST 2013 Miner execution interrupted
Mon Oct 14 19:37:06 EEST 2013 : Miner started
Mon Oct 14 19:37:06 EEST 2013 Miner execution interrupted
Mon Oct 14 19:37:06 EEST 2013 : Miner started
Mon Oct 14 19:37:06 EEST 2013 Miner execution interrupted
Mon Oct 14 19:37:06 EEST 2013 : Miner started
Mon Oct 14 19:37:06 EEST 2013 Miner execution interrupted
Mon Oct 14 19:37:06 EEST 2013 : Miner started
Mon Oct 14 19:37:06 EEST 2013 Miner execution interrupted
Mon Oct 14 19:37:06 EEST 2013 : Miner started
Mon Oct 14 19:37:06 EEST 2013 Miner execution interrupted
Mon Oct 14 19:37:06 EEST 2013 : Miner started
Mon Oct 14 19:37:06 EEST 2013 Miner execution interrupted
Mon Oct 14 19:37:06 EEST 2013 : Miner started
Mon Oct 14 19:37:06 EEST 2013 Miner execution interrupted
Mon Oct 14 19:37:06 EEST 2013 : Miner started
Mon Oct 14 19:37:06 EEST 2013 Miner execution interrupted
Mon Oct 14 19:37:06 EEST 2013 : Miner started
Mon Oct 14 19:37:06 EEST 2013 Miner execution interrupted
Mon Oct 14 19:37:06 EEST 2013 : Miner started
Mon Oct 14 19:37:06 EEST 2013 Miner execution interrupted
Mon Oct 14 19:37:06 EEST 2013 : Miner started
Mon Oct 14 19:37:06 EEST 2013 Miner execution interrupted
Mon Oct 14 19:37:06 EEST 2013 : Miner started
Mon Oct 14 19:37:06 EEST 2013 Miner execution interrupted
Mon Oct 14 19:37:06 EEST 2013 : Miner started
Mon Oct 14 19:37:06 EEST 2013 Miner execution interrupted
Mon Oct 14 19:37:06 EEST 2013 : Miner started
Mon Oct 14 19:37:07 EEST 2013 Miner execution interrupted
Mon Oct 14 19:37:07 EEST 2013 : Miner started
Mon Oct 14 19:37:07 EEST 2013 Miner execution interrupted
Mon Oct 14 19:37:07 EEST 2013 : Miner started
Mon Oct 14 19:37:07 EEST 2013 Miner execution interrupted
Mon Oct 14 19:37:07 EEST 2013 : Miner started
Mon Oct 14 19:37:07 EEST 2013 Miner execution interrupted
Mon Oct 14 19:37:07 EEST 2013 : Miner started
Mon Oct 14 19:37:07 EEST 2013 Miner execution interrupted
Mon Oct 14 19:37:07 EEST 2013 : Miner started
Mon Oct 14 19:37:07 EEST 2013 Miner execution interrupted
Mon Oct 14 19:37:07 EEST 2013 : Miner started
Mon Oct 14 19:37:07 EEST 2013 Miner execution interrupted
Mon Oct 14 19:37:07 EEST 2013 : Miner started
Mon Oct 14 19:37:07 EEST 2013 Miner execution interrupted
Mon Oct 14 19:37:07 EEST 2013 : Miner started
Mon Oct 14 19:37:07 EEST 2013 Miner execution interrupted
Mon Oct 14 19:37:07 EEST 2013 : Miner started
Mon Oct 14 19:37:07 EEST 2013 Miner execution interrupted
Mon Oct 14 19:37:07 EEST 2013 : Miner started
Mon Oct 14 19:37:07 EEST 2013 Miner execution interrupted
Mon Oct 14 19:37:07 EEST 2013 : Miner started
Mon Oct 14 19:37:07 EEST 2013 Miner execution interrupted
Mon Oct 14 19:37:07 EEST 2013 : Miner started
Mon Oct 14 19:37:07 EEST 2013 Miner execution interrupted
Mon Oct 14 19:37:07 EEST 2013 : Miner started
Mon Oct 14 19:37:07 EEST 2013 Miner execution interrupted
Mon Oct 14 19:37:07 EEST 2013 : Miner started
Mon Oct 14 19:37:08 EEST 2013 Miner execution interrupted
Mon Oct 14 19:37:08 EEST 2013 : Miner started
Mon Oct 14 19:37:08 EEST 2013 Miner execution interrupted
Mon Oct 14 19:37:08 EEST 2013 : Miner started
Mon Oct 14 19:37:08 EEST 2013 Miner execution interrupted
Mon Oct 14 19:37:08 EEST 2013 : Miner started
Mon Oct 14 19:37:08 EEST 2013 Miner execution interrupted
Mon Oct 14 19:37:08 EEST 2013 : Miner started
Mon Oct 14 19:37:08 EEST 2013 Miner execution interrupted
Mon Oct 14 19:37:08 EEST 2013 : Miner started
Mon Oct 14 19:37:08 EEST 2013 Miner execution interrupted
Mon Oct 14 19:37:08 EEST 2013 : Miner started
Mon Oct 14 19:37:08 EEST 2013 Miner execution interrupted
Mon Oct 14 19:37:08 EEST 2013 : Miner started
Mon Oct 14 19:37:08 EEST 2013 Miner execution interrupted
Mon Oct 14 19:37:08 EEST 2013 : Miner started
Mon Oct 14 19:37:08 EEST 2013 Miner execution interrupted
Mon Oct 14 19:37:08 EEST 2013 : Miner started
Mon Oct 14 19:37:08 EEST 2013 Miner execution interrupted
Mon Oct 14 19:37:08 EEST 2013 : Miner started
Mon Oct 14 19:37:08 EEST 2013 Miner execution interrupted
Mon Oct 14 19:37:08 EEST 2013 : Miner started
Mon Oct 14 19:37:08 EEST 2013 Miner execution interrupted
Mon Oct 14 19:37:08 EEST 2013 : Miner started
Mon Oct 14 19:37:08 EEST 2013 Miner execution interrupted
Mon Oct 14 19:37:08 EEST 2013 : Miner started
Mon Oct 14 19:37:08 EEST 2013 Miner execution interrupted
Mon Oct 14 19:37:08 EEST 2013 : Miner started
Mon Oct 14 19:37:09 EEST 2013 Miner execution interrupted
Mon Oct 14 19:37:09 EEST 2013 : Miner started
Mon Oct 14 19:37:09 EEST 2013 Miner execution interrupted
Mon Oct 14 19:37:09 EEST 2013 : Miner started
Mon Oct 14 19:37:09 EEST 2013 Miner execution interrupted
Mon Oct 14 19:37:09 EEST 2013 : Miner started
Mon Oct 14 19:37:09 EEST 2013 Miner execution interrupted
Mon Oct 14 19:37:09 EEST 2013 : Miner started
Mon Oct 14 19:37:09 EEST 2013 Miner execution interrupted
Mon Oct 14 19:37:09 EEST 2013 : Miner started
Mon Oct 14 19:37:09 EEST 2013 Miner execution interrupted
Mon Oct 14 19:37:09 EEST 2013 : Miner started
Mon Oct 14 19:37:09 EEST 2013 Miner execution interrupted
Mon Oct 14 19:37:09 EEST 2013 : Miner started
Mon Oct 14 19:37:09 EEST 2013 Miner execution interrupted
Mon Oct 14 19:37:09 EEST 2013 : Miner started
Mon Oct 14 19:37:09 EEST 2013 Miner execution interrupted
Mon Oct 14 19:37:09 EEST 2013 : Miner started
Mon Oct 14 19:37:09 EEST 2013 Miner execution interrupted
Mon Oct 14 19:37:09 EEST 2013 : Miner started
Mon Oct 14 19:37:09 EEST 2013 Miner execution interrupted
Mon Oct 14 19:37:09 EEST 2013 : Miner started
Mon Oct 14 19:37:09 EEST 2013 Miner execution interrupted
Mon Oct 14 19:37:09 EEST 2013 : Miner started
Mon Oct 14 19:37:09 EEST 2013 Miner execution interrupted
Mon Oct 14 19:37:09 EEST 2013 : Miner started
Mon Oct 14 19:37:09 EEST 2013 Miner execution interrupted
Mon Oct 14 19:37:09 EEST 2013 : Miner started
Mon Oct 14 19:37:10 EEST 2013 Miner execution interrupted
Mon Oct 14 19:37:10 EEST 2013 : Miner started
Mon Oct 14 19:37:10 EEST 2013 Miner execution interrupted
Mon Oct 14 19:37:10 EEST 2013 : Miner started
Mon Oct 14 19:37:10 EEST 2013 Miner execution interrupted
Mon Oct 14 19:37:10 EEST 2013 : Miner started
Mon Oct 14 19:37:10 EEST 2013 Miner execution interrupted
Mon Oct 14 19:37:10 EEST 2013 : Miner started
Mon Oct 14 19:37:10 EEST 2013 Miner execution interrupted
Mon Oct 14 19:37:10 EEST 2013 : Miner started
Mon Oct 14 19:37:10 EEST 2013 Miner execution interrupted
Mon Oct 14 19:37:10 EEST 2013 : Miner started
Mon Oct 14 19:37:10 EEST 2013 Miner execution interrupted
Mon Oct 14 19:37:10 EEST 2013 : Miner started
Mon Oct 14 19:37:10 EEST 2013 Miner execution interrupted
Mon Oct 14 19:37:10 EEST 2013 : Miner started
Mon Oct 14 19:37:10 EEST 2013 Miner execution interrupted
Mon Oct 14 19:37:10 EEST 2013 : Miner started
Mon Oct 14 19:37:10 EEST 2013 Miner execution interrupted
Mon Oct 14 19:37:10 EEST 2013 : Miner started
Mon Oct 14 19:37:10 EEST 2013 Miner execution interrupted
Mon Oct 14 19:37:10 EEST 2013 : Miner started
Mon Oct 14 19:37:10 EEST 2013 Miner execution interrupted
Mon Oct 14 19:37:10 EEST 2013 : Miner started
Mon Oct 14 19:37:10 EEST 2013 Miner execution interrupted
Mon Oct 14 19:37:10 EEST 2013 : Miner started
Mon Oct 14 19:37:10 EEST 2013 Miner execution interrupted
Mon Oct 14 19:37:10 EEST 2013 : Miner started
Mon Oct 14 19:37:11 EEST 2013 Miner execution interrupted
Mon Oct 14 19:37:11 EEST 2013 : Miner started
Mon Oct 14 19:37:11 EEST 2013 Miner execution interrupted
Mon Oct 14 19:37:11 EEST 2013 : Miner started
Mon Oct 14 19:37:11 EEST 2013 Miner execution interrupted
Mon Oct 14 19:37:11 EEST 2013 : Miner started
Mon Oct 14 19:37:11 EEST 2013 Miner execution interrupted
Mon Oct 14 19:37:11 EEST 2013 : Miner started
Mon Oct 14 19:37:11 EEST 2013 Miner execution interrupted
Mon Oct 14 19:37:11 EEST 2013 : Miner started
Mon Oct 14 19:37:11 EEST 2013 Miner execution interrupted
Mon Oct 14 19:37:11 EEST 2013 : Miner started
Mon Oct 14 19:37:11 EEST 2013 Miner execution interrupted
Mon Oct 14 19:37:11 EEST 2013 : Miner started
Mon Oct 14 19:37:11 EEST 2013 Miner execution interrupted
Mon Oct 14 19:37:11 EEST 2013 : Miner started
Mon Oct 14 19:37:11 EEST 2013 Miner execution interrupted
Mon Oct 14 19:37:11 EEST 2013 : Miner started
Mon Oct 14 19:37:11 EEST 2013 Miner execution interrupted
Mon Oct 14 19:37:11 EEST 2013 : Miner started
Mon Oct 14 19:37:11 EEST 2013 Miner execution interrupted
Mon Oct 14 19:37:11 EEST 2013 : Miner started
Mon Oct 14 19:37:11 EEST 2013 Miner execution interrupted
Mon Oct 14 19:37:11 EEST 2013 : Miner started
Mon Oct 14 19:37:11 EEST 2013 Miner execution interrupted
Mon Oct 14 19:37:11 EEST 2013 : Miner started
Mon Oct 14 19:37:11 EEST 2013 Miner execution interrupted
Mon Oct 14 19:37:11 EEST 2013 : Miner started
Mon Oct 14 19:37:12 EEST 2013 Miner execution interrupted
Mon Oct 14 19:37:12 EEST 2013 : Miner started
Mon Oct 14 19:37:12 EEST 2013 Miner execution interrupted
Mon Oct 14 19:37:12 EEST 2013 : Miner started
Mon Oct 14 19:37:12 EEST 2013 Miner execution interrupted
Mon Oct 14 19:37:12 EEST 2013 : Miner started
Mon Oct 14 19:37:12 EEST 2013 Miner execution interrupted
Mon Oct 14 19:37:12 EEST 2013 : Miner started
Mon Oct 14 19:37:12 EEST 2013 Miner execution interrupted
Mon Oct 14 19:37:12 EEST 2013 : Miner started
Mon Oct 14 19:37:12 EEST 2013 Miner execution interrupted
Mon Oct 14 19:37:12 EEST 2013 : Miner started
Mon Oct 14 19:37:12 EEST 2013 Miner execution interrupted
Mon Oct 14 19:37:12 EEST 2013 : Miner started
Mon Oct 14 19:37:12 EEST 2013 Miner execution interrupted
Mon Oct 14 19:37:12 EEST 2013 : Miner started
Mon Oct 14 19:37:12 EEST 2013 Miner execution interrupted
Mon Oct 14 19:37:12 EEST 2013 : Miner started
Mon Oct 14 19:37:12 EEST 2013 Miner execution interrupted
Mon Oct 14 19:37:12 EEST 2013 : Miner started
Mon Oct 14 19:37:12 EEST 2013 Miner execution interrupted
Mon Oct 14 19:37:12 EEST 2013 : Miner started
Mon Oct 14 19:37:12 EEST 2013 Miner execution interrupted
Mon Oct 14 19:37:12 EEST 2013 : Miner started
Mon Oct 14 19:37:12 EEST 2013 Miner execution interrupted
Mon Oct 14 19:37:12 EEST 2013 : Miner started
Mon Oct 14 19:37:12 EEST 2013 Miner execution interrupted
Mon Oct 14 19:37:12 EEST 2013 : Miner started
Mon Oct 14 19:37:13 EEST 2013 Miner execution interrupted
Mon Oct 14 19:37:13 EEST 2013 : Miner started
Mon Oct 14 19:37:13 EEST 2013 Miner execution interrupted
Mon Oct 14 19:37:13 EEST 2013 : Miner started
Mon Oct 14 19:37:13 EEST 2013 Miner execution interrupted
Mon Oct 14 19:37:13 EEST 2013 : Miner started
Mon Oct 14 19:37:13 EEST 2013 Miner execution interrupted
Mon Oct 14 19:37:13 EEST 2013 : Miner started
Mon Oct 14 19:37:13 EEST 2013 Miner execution interrupted
Mon Oct 14 19:37:13 EEST 2013 : Miner started
Mon Oct 14 19:37:13 EEST 2013 Miner execution interrupted
Mon Oct 14 19:37:13 EEST 2013 : Miner started
Mon Oct 14 19:37:13 EEST 2013 Miner execution interrupted
Mon Oct 14 19:37:13 EEST 2013 : Miner started
Mon Oct 14 19:37:13 EEST 2013 Miner execution interrupted
Mon Oct 14 19:37:13 EEST 2013 : Miner started
Mon Oct 14 19:37:13 EEST 2013 Miner execution interrupted
Mon Oct 14 19:37:13 EEST 2013 : Miner started
Mon Oct 14 19:37:13 EEST 2013 Miner execution interrupted
Mon Oct 14 19:37:13 EEST 2013 : Miner started
Mon Oct 14 19:37:13 EEST 2013 Miner execution interrupted
Mon Oct 14 19:37:13 EEST 2013 : Miner started
Mon Oct 14 19:37:13 EEST 2013 Miner execution interrupted
Mon Oct 14 19:37:13 EEST 2013 : Miner started
Mon Oct 14 19:37:13 EEST 2013 Miner execution interrupted
Mon Oct 14 19:37:13 EEST 2013 : Miner started
Mon Oct 14 19:37:13 EEST 2013 Miner execution interrupted
Mon Oct 14 19:37:13 EEST 2013 : Miner started
Mon Oct 14 19:37:14 EEST 2013 Miner execution interrupted
Mon Oct 14 19:37:14 EEST 2013 : Miner started
Mon Oct 14 19:37:14 EEST 2013 Miner execution interrupted
Mon Oct 14 19:37:14 EEST 2013 : Miner started
Mon Oct 14 19:37:14 EEST 2013 Miner execution interrupted
Mon Oct 14 19:37:14 EEST 2013 : Miner started
Mon Oct 14 19:37:14 EEST 2013 Miner execution interrupted
Mon Oct 14 19:37:14 EEST 2013 : Miner started
Mon Oct 14 19:37:14 EEST 2013 Miner execution interrupted
Mon Oct 14 19:37:14 EEST 2013 : Miner started
Mon Oct 14 19:37:14 EEST 2013 Miner execution interrupted
Mon Oct 14 19:37:14 EEST 2013 : Miner started
Mon Oct 14 19:37:14 EEST 2013 Miner execution interrupted
Mon Oct 14 19:37:14 EEST 2013 : Miner started
Mon Oct 14 19:37:14 EEST 2013 Miner execution interrupted
Mon Oct 14 19:37:14 EEST 2013 : Miner started
Mon Oct 14 19:37:14 EEST 2013 Miner execution interrupted
Mon Oct 14 19:37:14 EEST 2013 : Miner started
Mon Oct 14 19:37:14 EEST 2013 Miner execution interrupted
Mon Oct 14 19:37:14 EEST 2013 : Miner started
Mon Oct 14 19:37:14 EEST 2013 Miner execution interrupted
Mon Oct 14 19:37:14 EEST 2013 : Miner started
Mon Oct 14 19:37:14 EEST 2013 Miner execution interrupted
Mon Oct 14 19:37:14 EEST 2013 : Miner started
Mon Oct 14 19:37:14 EEST 2013 Miner execution interrupted
Mon Oct 14 19:37:14 EEST 2013 : Miner started
Mon Oct 14 19:37:14 EEST 2013 Miner execution interrupted
Mon Oct 14 19:37:14 EEST 2013 : Miner started
Mon Oct 14 19:37:14 EEST 2013 Miner execution interrupted
Mon Oct 14 19:37:15 EEST 2013 : Miner started
Mon Oct 14 19:37:15 EEST 2013 Miner execution interrupted
Mon Oct 14 19:37:15 EEST 2013 : Miner started
Mon Oct 14 19:37:15 EEST 2013 Miner execution interrupted
Mon Oct 14 19:37:15 EEST 2013 : Miner started
Mon Oct 14 19:37:15 EEST 2013 Miner execution interrupted
Mon Oct 14 19:37:15 EEST 2013 : Miner started
Mon Oct 14 19:37:15 EEST 2013 Miner execution interrupted
Mon Oct 14 19:37:15 EEST 2013 : Miner started
Mon Oct 14 19:37:15 EEST 2013 Miner execution interrupted
Mon Oct 14 19:37:15 EEST 2013 : Miner started
Mon Oct 14 19:37:15 EEST 2013 Miner execution interrupted
Mon Oct 14 19:37:15 EEST 2013 : Miner started
Mon Oct 14 19:37:15 EEST 2013 Miner execution interrupted
Mon Oct 14 19:37:15 EEST 2013 : Miner started
Mon Oct 14 19:37:15 EEST 2013 Miner execution interrupted
Mon Oct 14 19:37:15 EEST 2013 : Miner started
Mon Oct 14 19:37:15 EEST 2013 Miner execution interrupted
Mon Oct 14 19:37:15 EEST 2013 : Miner started
Mon Oct 14 19:37:15 EEST 2013 Miner execution interrupted
Mon Oct 14 19:37:15 EEST 2013 : Miner started
Mon Oct 14 19:37:15 EEST 2013 Miner execution interrupted
Mon Oct 14 19:37:15 EEST 2013 : Miner started
Mon Oct 14 19:37:15 EEST 2013 Miner execution interrupted
Mon Oct 14 19:37:15 EEST 2013 : Miner started
Mon Oct 14 19:37:15 EEST 2013 Miner execution interrupted
Mon Oct 14 19:37:15 EEST 2013 : Miner started
Mon Oct 14 19:37:16 EEST 2013 Miner execution interrupted
Mon Oct 14 19:37:16 EEST 2013 : Miner started
Mon Oct 14 19:37:16 EEST 2013 Miner execution interrupted
Mon Oct 14 19:37:16 EEST 2013 : Miner started
Mon Oct 14 19:37:16 EEST 2013 Miner execution interrupted
Mon Oct 14 19:37:16 EEST 2013 : Miner started
Mon Oct 14 19:37:16 EEST 2013 Miner execution interrupted
Mon Oct 14 19:37:16 EEST 2013 : Miner started
Mon Oct 14 19:37:16 EEST 2013 Miner execution interrupted
Mon Oct 14 19:37:16 EEST 2013 : Miner started
Mon Oct 14 19:37:16 EEST 2013 Miner execution interrupted
Mon Oct 14 19:37:16 EEST 2013 : Miner started
Mon Oct 14 19:37:16 EEST 2013 Miner execution interrupted
Mon Oct 14 19:37:16 EEST 2013 : Miner started
Mon Oct 14 19:37:16 EEST 2013 Miner execution interrupted
Mon Oct 14 19:37:16 EEST 2013 : Miner started
Mon Oct 14 19:37:16 EEST 2013 Miner execution interrupted
Mon Oct 14 19:37:16 EEST 2013 : Miner started
Mon Oct 14 19:37:16 EEST 2013 Miner execution interrupted
Mon Oct 14 19:37:16 EEST 2013 : Miner started
Mon Oct 14 19:37:16 EEST 2013 Miner execution interrupted
Mon Oct 14 19:37:16 EEST 2013 : Miner started
Mon Oct 14 19:37:16 EEST 2013 Miner execution interrupted
Mon Oct 14 19:37:16 EEST 2013 : Miner started
Mon Oct 14 19:37:16 EEST 2013 Miner execution interrupted
Mon Oct 14 19:37:16 EEST 2013 : Miner started
Mon Oct 14 19:37:16 EEST 2013 Miner execution interrupted
Mon Oct 14 19:37:16 EEST 2013 : Miner started
Mon Oct 14 19:37:17 EEST 2013 Miner execution interrupted
Mon Oct 14 19:37:17 EEST 2013 : Miner started
Mon Oct 14 19:37:17 EEST 2013 Miner execution interrupted
Mon Oct 14 19:37:17 EEST 2013 : Miner started
Mon Oct 14 19:37:17 EEST 2013 Miner execution interrupted
Mon Oct 14 19:37:17 EEST 2013 : Miner started
Mon Oct 14 19:37:17 EEST 2013 Miner execution interrupted
Mon Oct 14 19:37:17 EEST 2013 : Miner started
Mon Oct 14 19:37:17 EEST 2013 Miner execution interrupted
Mon Oct 14 19:37:17 EEST 2013 : Miner started
Mon Oct 14 19:37:17 EEST 2013 Miner execution interrupted
Mon Oct 14 19:37:17 EEST 2013 : Miner started
Mon Oct 14 19:37:17 EEST 2013 Miner execution interrupted
Mon Oct 14 19:37:17 EEST 2013 : Miner started
Mon Oct 14 19:37:17 EEST 2013 Miner execution interrupted
Mon Oct 14 19:37:17 EEST 2013 : Miner started
Mon Oct 14 19:37:17 EEST 2013 Miner execution interrupted
Mon Oct 14 19:37:17 EEST 2013 : Miner started
Mon Oct 14 19:37:17 EEST 2013 Miner execution interrupted
Mon Oct 14 19:37:17 EEST 2013 : Miner started
Mon Oct 14 19:37:17 EEST 2013 Miner execution interrupted
Mon Oct 14 19:37:17 EEST 2013 : Miner started
Mon Oct 14 19:37:17 EEST 2013 Miner execution interrupted
Mon Oct 14 19:37:17 EEST 2013 : Miner started
Mon Oct 14 19:37:17 EEST 2013 Miner execution interrupted
Mon Oct 14 19:37:17 EEST 2013 : Miner started
Mon Oct 14 19:37:17 EEST 2013 Miner execution interrupted
Mon Oct 14 19:37:17 EEST 2013 : Miner started
Mon Oct 14 19:37:18 EEST 2013 Miner execution interrupted
Mon Oct 14 19:37:18 EEST 2013 : Miner started
Mon Oct 14 19:37:18 EEST 2013 Miner execution interrupted
Mon Oct 14 19:37:18 EEST 2013 : Miner started
Mon Oct 14 19:37:18 EEST 2013 Miner execution interrupted
Mon Oct 14 19:37:18 EEST 2013 : Miner started
Mon Oct 14 19:37:18 EEST 2013 Miner execution interrupted
Mon Oct 14 19:37:18 EEST 2013 : Miner started
Mon Oct 14 19:37:18 EEST 2013 Miner execution interrupted
Mon Oct 14 19:37:18 EEST 2013 : Miner started
Mon Oct 14 19:37:18 EEST 2013 Miner execution interrupted
Mon Oct 14 19:37:18 EEST 2013 : Miner started
Mon Oct 14 19:37:18 EEST 2013 Miner execution interrupted
Mon Oct 14 19:37:18 EEST 2013 : Miner started
Mon Oct 14 19:37:18 EEST 2013 Miner execution interrupted
Mon Oct 14 19:37:18 EEST 2013 : Miner started
Mon Oct 14 19:37:18 EEST 2013 Miner execution interrupted
Mon Oct 14 19:37:18 EEST 2013 : Miner started
Mon Oct 14 19:37:18 EEST 2013 Miner execution interrupted
Mon Oct 14 19:37:18 EEST 2013 : Miner started
Mon Oct 14 19:37:18 EEST 2013 Miner execution interrupted
Mon Oct 14 19:37:18 EEST 2013 : Miner started
Mon Oct 14 19:37:18 EEST 2013 Miner execution interrupted
Mon Oct 14 19:37:18 EEST 2013 : Miner started
Mon Oct 14 19:37:18 EEST 2013 Miner execution interrupted
Mon Oct 14 19:37:18 EEST 2013 : Miner started
Mon Oct 14 19:37:18 EEST 2013 Miner execution interrupted
Mon Oct 14 19:37:18 EEST 2013 : Miner started
Mon Oct 14 19:37:19 EEST 2013 Miner execution interrupted
Mon Oct 14 19:37:19 EEST 2013 : Miner started
Mon Oct 14 19:37:19 EEST 2013 Miner execution interrupted
Mon Oct 14 19:37:19 EEST 2013 : Miner started
Mon Oct 14 19:37:19 EEST 2013 Miner execution interrupted
Mon Oct 14 19:37:19 EEST 2013 : Miner started
Mon Oct 14 19:37:19 EEST 2013 Miner execution interrupted
Mon Oct 14 19:37:19 EEST 2013 : Miner started
Mon Oct 14 19:37:19 EEST 2013 Miner execution interrupted
Mon Oct 14 19:37:19 EEST 2013 : Miner started
Mon Oct 14 19:37:19 EEST 2013 Miner execution interrupted
Mon Oct 14 19:37:19 EEST 2013 : Miner started
Mon Oct 14 19:37:19 EEST 2013 Miner execution interrupted
Mon Oct 14 19:37:19 EEST 2013 : Miner started
Mon Oct 14 19:37:19 EEST 2013 Miner execution interrupted
Mon Oct 14 19:37:19 EEST 2013 : Miner started
Mon Oct 14 19:37:19 EEST 2013 Miner execution interrupted
Mon Oct 14 19:37:19 EEST 2013 : Miner started
Mon Oct 14 19:37:19 EEST 2013 Miner execution interrupted
Mon Oct 14 19:37:19 EEST 2013 : Miner started
Mon Oct 14 19:37:19 EEST 2013 Miner execution interrupted
Mon Oct 14 19:37:19 EEST 2013 : Miner started
Mon Oct 14 19:37:19 EEST 2013 Miner execution interrupted
Mon Oct 14 19:37:19 EEST 2013 : Miner started
Mon Oct 14 19:37:19 EEST 2013 Miner execution interrupted
Mon Oct 14 19:37:19 EEST 2013 : Miner started
Mon Oct 14 19:37:19 EEST 2013 Miner execution interrupted
Mon Oct 14 19:37:19 EEST 2013 : Miner started
Mon Oct 14 19:37:20 EEST 2013 Miner execution interrupted
Mon Oct 14 19:37:20 EEST 2013 : Miner started
Mon Oct 14 19:37:20 EEST 2013 Miner execution interrupted
Mon Oct 14 19:37:20 EEST 2013 : Miner started
Mon Oct 14 19:37:20 EEST 2013 Miner execution interrupted
Mon Oct 14 19:37:20 EEST 2013 : Miner started
Mon Oct 14 19:37:20 EEST 2013 Miner execution interrupted
Mon Oct 14 19:37:20 EEST 2013 : Miner started
Mon Oct 14 19:37:20 EEST 2013 Miner execution interrupted
Mon Oct 14 19:37:20 EEST 2013 : Miner started
Mon Oct 14 19:37:20 EEST 2013 Miner execution interrupted
Mon Oct 14 19:37:20 EEST 2013 : Miner started
Mon Oct 14 19:37:20 EEST 2013 Miner execution interrupted
Mon Oct 14 19:37:20 EEST 2013 : Miner started
Mon Oct 14 19:37:20 EEST 2013 Miner execution interrupted
Mon Oct 14 19:37:20 EEST 2013 : Miner started
Mon Oct 14 19:37:20 EEST 2013 Miner execution interrupted
Mon Oct 14 19:37:20 EEST 2013 : Miner started
Mon Oct 14 19:37:20 EEST 2013 Miner execution interrupted
Mon Oct 14 19:37:20 EEST 2013 : Miner started
Mon Oct 14 19:37:20 EEST 2013 Miner execution interrupted
Mon Oct 14 19:37:20 EEST 2013 : Miner started
Mon Oct 14 19:37:20 EEST 2013 Miner execution interrupted
Mon Oct 14 19:37:20 EEST 2013 : Miner started
Mon Oct 14 19:37:20 EEST 2013 Miner execution interrupted
Mon Oct 14 19:37:20 EEST 2013 : Miner started
Mon Oct 14 19:37:20 EEST 2013 Miner execution interrupted
Mon Oct 14 19:37:20 EEST 2013 : Miner started
Mon Oct 14 19:37:21 EEST 2013 Miner execution interrupted
Mon Oct 14 19:37:21 EEST 2013 : Miner started
Mon Oct 14 19:37:21 EEST 2013 Miner execution interrupted
Mon Oct 14 19:37:21 EEST 2013 : Miner started
Mon Oct 14 19:37:21 EEST 2013 Miner execution interrupted
Mon Oct 14 19:37:21 EEST 2013 : Miner started
Mon Oct 14 19:37:21 EEST 2013 Miner execution interrupted
Mon Oct 14 19:37:21 EEST 2013 : Miner started
Mon Oct 14 19:37:21 EEST 2013 Miner execution interrupted
Mon Oct 14 19:37:21 EEST 2013 : Miner started
Mon Oct 14 19:37:21 EEST 2013 Miner execution interrupted
Mon Oct 14 19:37:21 EEST 2013 : Miner started
Mon Oct 14 19:37:21 EEST 2013 Miner execution interrupted
Mon Oct 14 19:37:21 EEST 2013 : Miner started
Mon Oct 14 19:37:21 EEST 2013 Miner execution interrupted
Mon Oct 14 19:37:21 EEST 2013 : Miner started
Mon Oct 14 19:37:21 EEST 2013 Miner execution interrupted
Mon Oct 14 19:37:21 EEST 2013 : Miner started
Mon Oct 14 19:37:21 EEST 2013 Miner execution interrupted
Mon Oct 14 19:37:21 EEST 2013 : Miner started
Mon Oct 14 19:37:21 EEST 2013 Miner execution interrupted
Mon Oct 14 19:37:21 EEST 2013 : Miner started
Mon Oct 14 19:37:21 EEST 2013 Miner execution interrupted
Mon Oct 14 19:37:21 EEST 2013 : Miner started
Mon Oct 14 19:37:21 EEST 2013 Miner execution interrupted
Mon Oct 14 19:37:21 EEST 2013 : Miner started
Mon Oct 14 19:37:21 EEST 2013 Miner execution interrupted
Mon Oct 14 19:37:21 EEST 2013 : Miner started
Mon Oct 14 19:37:21 EEST 2013 Miner execution interrupted
Mon Oct 14 19:37:22 EEST 2013 : Miner started
Mon Oct 14 19:37:22 EEST 2013 Miner execution interrupted
Mon Oct 14 19:37:22 EEST 2013 : Miner started
Mon Oct 14 19:37:22 EEST 2013 Miner execution interrupted
Mon Oct 14 19:37:22 EEST 2013 : Miner started
Mon Oct 14 19:37:22 EEST 2013 Miner execution interrupted
Mon Oct 14 19:37:22 EEST 2013 : Miner started
Mon Oct 14 19:37:22 EEST 2013 Miner execution interrupted
Mon Oct 14 19:37:22 EEST 2013 : Miner started
Mon Oct 14 19:37:22 EEST 2013 Miner execution interrupted
Mon Oct 14 19:37:22 EEST 2013 : Miner started
Mon Oct 14 19:37:22 EEST 2013 Miner execution interrupted
Mon Oct 14 19:37:22 EEST 2013 : Miner started
Mon Oct 14 19:37:22 EEST 2013 Miner execution interrupted
Mon Oct 14 19:37:22 EEST 2013 : Miner started
Mon Oct 14 19:37:22 EEST 2013 Miner execution interrupted
Mon Oct 14 19:37:22 EEST 2013 : Miner started
Mon Oct 14 19:37:22 EEST 2013 Miner execution interrupted
Mon Oct 14 19:37:22 EEST 2013 : Miner started
Mon Oct 14 19:37:22 EEST 2013 Miner execution interrupted
Mon Oct 14 19:37:22 EEST 2013 : Miner started
Mon Oct 14 19:37:22 EEST 2013 Miner execution interrupted
Mon Oct 14 19:37:22 EEST 2013 : Miner started
Mon Oct 14 19:37:22 EEST 2013 Miner execution interrupted
Mon Oct 14 19:37:22 EEST 2013 : Miner started
Mon Oct 14 19:37:22 EEST 2013 Miner execution interrupted
Mon Oct 14 19:37:22 EEST 2013 : Miner started
Mon Oct 14 19:37:22 EEST 2013 Miner execution interrupted
Mon Oct 14 19:37:23 EEST 2013 : Miner started
Mon Oct 14 19:37:23 EEST 2013 Miner execution interrupted
Mon Oct 14 19:37:23 EEST 2013 : Miner started
Mon Oct 14 19:37:23 EEST 2013 Miner execution interrupted
Mon Oct 14 19:37:23 EEST 2013 : Miner started
Mon Oct 14 19:37:23 EEST 2013 Miner execution interrupted
Mon Oct 14 19:37:23 EEST 2013 : Miner started
Mon Oct 14 19:37:23 EEST 2013 Miner execution interrupted
Mon Oct 14 19:37:23 EEST 2013 : Miner started
Mon Oct 14 19:37:23 EEST 2013 Miner execution interrupted
Mon Oct 14 19:37:23 EEST 2013 : Miner started
Mon Oct 14 19:37:23 EEST 2013 Miner execution interrupted
Mon Oct 14 19:37:23 EEST 2013 : Miner started
Mon Oct 14 19:37:23 EEST 2013 Miner execution interrupted
Mon Oct 14 19:37:23 EEST 2013 : Miner started
Mon Oct 14 19:37:23 EEST 2013 Miner execution interrupted
Mon Oct 14 19:37:23 EEST 2013 : Miner started
Mon Oct 14 19:37:23 EEST 2013 Miner execution interrupted
Mon Oct 14 19:37:23 EEST 2013 : Miner started
Mon Oct 14 19:37:23 EEST 2013 Miner execution interrupted
Mon Oct 14 19:37:23 EEST 2013 : Miner started
Mon Oct 14 19:37:23 EEST 2013 Miner execution interrupted
Mon Oct 14 19:37:23 EEST 2013 : Miner started
Mon Oct 14 19:37:23 EEST 2013 Miner execution interrupted
Mon Oct 14 19:37:23 EEST 2013 : Miner started
Mon Oct 14 19:37:23 EEST 2013 Miner execution interrupted
Mon Oct 14 19:37:23 EEST 2013 : Miner started
Mon Oct 14 19:37:23 EEST 2013 Miner execution interrupted
Mon Oct 14 19:37:24 EEST 2013 : Miner started
Mon Oct 14 19:37:24 EEST 2013 Miner execution interrupted
Mon Oct 14 19:37:24 EEST 2013 : Miner started
Mon Oct 14 19:37:24 EEST 2013 Miner execution interrupted
Mon Oct 14 19:37:24 EEST 2013 : Miner started
Mon Oct 14 19:37:24 EEST 2013 Miner execution interrupted
Mon Oct 14 19:37:24 EEST 2013 : Miner started
Mon Oct 14 19:37:24 EEST 2013 Miner execution interrupted
Mon Oct 14 19:37:24 EEST 2013 : Miner started
Mon Oct 14 19:37:24 EEST 2013 Miner execution interrupted
Mon Oct 14 19:37:24 EEST 2013 : Miner started
Mon Oct 14 19:37:24 EEST 2013 Miner execution interrupted
Mon Oct 14 19:37:24 EEST 2013 : Miner started
Mon Oct 14 19:37:24 EEST 2013 Miner execution interrupted
Mon Oct 14 19:37:24 EEST 2013 : Miner started
Mon Oct 14 19:37:24 EEST 2013 Miner execution interrupted
Mon Oct 14 19:37:24 EEST 2013 : Miner started
Mon Oct 14 19:37:24 EEST 2013 Miner execution interrupted
Mon Oct 14 19:37:24 EEST 2013 : Miner started
Mon Oct 14 19:37:24 EEST 2013 Miner execution interrupted
Mon Oct 14 19:37:24 EEST 2013 : Miner started
Mon Oct 14 19:37:24 EEST 2013 Miner execution interrupted
Mon Oct 14 19:37:24 EEST 2013 : Miner started
Mon Oct 14 19:37:24 EEST 2013 Miner execution interrupted
Mon Oct 14 19:37:24 EEST 2013 : Miner started
Mon Oct 14 19:37:24 EEST 2013 Miner execution interrupted
Mon Oct 14 19:37:24 EEST 2013 : Miner started
Mon Oct 14 19:37:24 EEST 2013 Miner execution interrupted
Mon Oct 14 19:37:24 EEST 2013 : Miner started
Mon Oct 14 19:37:25 EEST 2013 Miner execution interrupted
Mon Oct 14 19:37:25 EEST 2013 : Miner started
Mon Oct 14 19:37:25 EEST 2013 Miner execution interrupted
Mon Oct 14 19:37:25 EEST 2013 : Miner started
Mon Oct 14 19:37:25 EEST 2013 Miner execution interrupted
Mon Oct 14 19:37:25 EEST 2013 : Miner started
Mon Oct 14 19:37:25 EEST 2013 Miner execution interrupted
Mon Oct 14 19:37:25 EEST 2013 : Miner started
Mon Oct 14 19:37:25 EEST 2013 Miner execution interrupted
Mon Oct 14 19:37:25 EEST 2013 : Miner started
Mon Oct 14 19:37:25 EEST 2013 Miner execution interrupted
Mon Oct 14 19:37:25 EEST 2013 : Miner started
Mon Oct 14 19:37:25 EEST 2013 Miner execution interrupted
Mon Oct 14 19:37:25 EEST 2013 : Miner started
Mon Oct 14 19:37:25 EEST 2013 Miner execution interrupted
Mon Oct 14 19:37:25 EEST 2013 : Miner started
Mon Oct 14 19:37:25 EEST 2013 Miner execution interrupted
Mon Oct 14 19:37:25 EEST 2013 : Miner started
Mon Oct 14 19:37:25 EEST 2013 Miner execution interrupted
Mon Oct 14 19:37:25 EEST 2013 : Miner started
Mon Oct 14 19:37:25 EEST 2013 Miner execution interrupted
Mon Oct 14 19:37:25 EEST 2013 : Miner started
Mon Oct 14 19:37:25 EEST 2013 Miner execution interrupted
Mon Oct 14 19:37:25 EEST 2013 : Miner started
Mon Oct 14 19:37:25 EEST 2013 Miner execution interrupted
Mon Oct 14 19:37:25 EEST 2013 : Miner started
Mon Oct 14 19:37:25 EEST 2013 Miner execution interrupted
Mon Oct 14 19:37:26 EEST 2013 : Miner started
Mon Oct 14 19:37:26 EEST 2013 Miner execution interrupted
Mon Oct 14 19:37:26 EEST 2013 : Miner started
Mon Oct 14 19:37:26 EEST 2013 Miner execution interrupted
Mon Oct 14 19:37:26 EEST 2013 : Miner started
Mon Oct 14 19:38:27 EEST 2013 : Miner started
Mon Oct 14 19:41:53 EEST 2013 : Miner started
Mon Oct 14 19:42:17 EEST 2013 : Miner started
Mon Oct 14 19:43:39 EEST 2013 : Miner started
Mon Oct 14 19:44:02 EEST 2013 : Miner started
Mon Oct 14 19:45:02 EEST 2013 Miner execution interrupted
Mon Oct 14 19:45:02 EEST 2013 : Miner started
Mon Oct 14 20:30:19 EEST 2013 Miner execution interrupted
Mon Oct 14 20:30:19 EEST 2013 : Miner started
Tue Oct 15 06:17:16 EEST 2013 : Miner started
Tue Oct 15 10:49:47 EEST 2013 : Miner started
Tue Oct 15 10:49:59 EEST 2013 : Miner started
Tue Oct 15 22:17:15 EEST 2013 : Miner started
Tue Oct 15 22:44:03 EEST 2013 : Miner started
Tue Oct 15 22:50:10 EEST 2013 : Miner started
Tue Oct 15 23:03:51 EEST 2013 : Miner started
